<?xml version="1.0" encoding="UTF-8"?>
<TestRun id="4a3e86a7-3cda-4f8a-9043-816d1460e2c6" name="Danil@DANIL-PC 2016-03-20 20:38:32" runUser="Danil-PC\Danil" xmlns="http://microsoft.com/schemas/VisualStudio/TeamTest/2010">
  <TestSettings name="Локальные" id="26eae600-dc97-45ab-946a-70759e27358f">
    <Description>Это - параметры по умолчанию для локального тестового запуска.</Description>
    <Deployment enabled="false" runDeploymentRoot="Danil_DANIL-PC 2016-03-20 20_38_32">
      <DeploymentItem filename="C:\Users\Danil\Documents\Visual Studio 2010\Projects\ValueConverter\ValueConverter\bin\Debug\ValueConverter.exe" />
    </Deployment>
    <Execution>
      <TestTypeSpecific />
      <AgentRule name="Execution Agents">
      </AgentRule>
    </Execution>
  </TestSettings>
  <Times creation="2016-03-20T20:38:32.2478438+06:00" queuing="2016-03-20T20:38:32.8138762+06:00" start="2016-03-20T20:38:32.8228767+06:00" finish="2016-03-20T20:38:33.2248997+06:00" />
  <ResultSummary outcome="Failed">
    <Counters total="12" executed="12" passed="11" error="0" failed="1" timeout="0" aborted="0" inconclusive="0" passedButRunAborted="0" notRunnable="0" notExecuted="0" disconnected="0" warning="0" completed="0" inProgress="0" pending="0" />
  </ResultSummary>
  <TestDefinitions>
    <UnitTest name="TestSagen" storage="c:\users\danil\documents\visual studio 2010\projects\valueconverter\testconverter\bin\debug\testconverter.dll" id="523b35ec-701f-79e2-1a9e-4ceffceeda09">
      <Execution id="d365296b-4665-40dc-a585-e3f9cf2425bb" />
      <TestMethod codeBase="C:/Users/Danil/Documents/Visual Studio 2010/Projects/ValueConverter/TestConverter/bin/Debug/TestConverter.DLL" adapterTypeName="Microsoft.VisualStudio.TestTools.TestTypes.Unit.UnitTestAdapter, Microsoft.VisualStudio.QualityTools.Tips.UnitTest.Adapter, Version=10.0.0.0, Culture=neutral, PublicKeyToken=b03f5f7f11d50a3a" className="ValueConverter.UnitTestConverter, TestConverter, Version=1.0.0.0, Culture=neutral, PublicKeyToken=null" name="TestSagen" />
    </UnitTest>
    <UnitTest name="TestInch" storage="c:\users\danil\documents\visual studio 2010\projects\valueconverter\testconverter\bin\debug\testconverter.dll" id="1454b147-96ce-7c73-3dd1-b153b1e98e64">
      <Execution id="b37c8027-45da-4310-9f55-78e1801c4b82" />
      <TestMethod codeBase="C:/Users/Danil/Documents/Visual Studio 2010/Projects/ValueConverter/TestConverter/bin/Debug/TestConverter.DLL" adapterTypeName="Microsoft.VisualStudio.TestTools.TestTypes.Unit.UnitTestAdapter, Microsoft.VisualStudio.QualityTools.Tips.UnitTest.Adapter, Version=10.0.0.0, Culture=neutral, PublicKeyToken=b03f5f7f11d50a3a" className="ValueConverter.UnitTestConverter, TestConverter, Version=1.0.0.0, Culture=neutral, PublicKeyToken=null" name="TestInch" />
    </UnitTest>
    <UnitTest name="TestMetr" storage="c:\users\danil\documents\visual studio 2010\projects\valueconverter\testconverter\bin\debug\testconverter.dll" id="8457edeb-40dd-56f6-f60d-2448aada5658">
      <Execution id="f9d91ed8-403a-4633-9720-6de8ad1d2721" />
      <TestMethod codeBase="C:/Users/Danil/Documents/Visual Studio 2010/Projects/ValueConverter/TestConverter/bin/Debug/TestConverter.DLL" adapterTypeName="Microsoft.VisualStudio.TestTools.TestTypes.Unit.UnitTestAdapter, Microsoft.VisualStudio.QualityTools.Tips.UnitTest.Adapter, Version=10.0.0.0, Culture=neutral, PublicKeyToken=b03f5f7f11d50a3a" className="ValueConverter.UnitTestConverter, TestConverter, Version=1.0.0.0, Culture=neutral, PublicKeyToken=null" name="TestMetr" />
    </UnitTest>
    <UnitTest name="TestVershok" storage="c:\users\danil\documents\visual studio 2010\projects\valueconverter\testconverter\bin\debug\testconverter.dll" id="bc479235-bef6-82d9-6fa4-9235741f4682">
      <Execution id="4c6354a6-0f0f-42e0-9c10-4f8fb2eaa582" />
      <TestMethod codeBase="C:/Users/Danil/Documents/Visual Studio 2010/Projects/ValueConverter/TestConverter/bin/Debug/TestConverter.DLL" adapterTypeName="Microsoft.VisualStudio.TestTools.TestTypes.Unit.UnitTestAdapter, Microsoft.VisualStudio.QualityTools.Tips.UnitTest.Adapter, Version=10.0.0.0, Culture=neutral, PublicKeyToken=b03f5f7f11d50a3a" className="ValueConverter.UnitTestConverter, TestConverter, Version=1.0.0.0, Culture=neutral, PublicKeyToken=null" name="TestVershok" />
    </UnitTest>
    <UnitTest name="TestPyad" storage="c:\users\danil\documents\visual studio 2010\projects\valueconverter\testconverter\bin\debug\testconverter.dll" id="92c6c4ba-a682-1d4d-9158-241eb25caf2a">
      <Execution id="b60e4a4f-5b56-401d-b53d-7ef483bde7dc" />
      <TestMethod codeBase="C:/Users/Danil/Documents/Visual Studio 2010/Projects/ValueConverter/TestConverter/bin/Debug/TestConverter.DLL" adapterTypeName="Microsoft.VisualStudio.TestTools.TestTypes.Unit.UnitTestAdapter, Microsoft.VisualStudio.QualityTools.Tips.UnitTest.Adapter, Version=10.0.0.0, Culture=neutral, PublicKeyToken=b03f5f7f11d50a3a" className="ValueConverter.UnitTestConverter, TestConverter, Version=1.0.0.0, Culture=neutral, PublicKeyToken=null" name="TestPyad" />
    </UnitTest>
    <UnitTest name="TestCable" storage="c:\users\danil\documents\visual studio 2010\projects\valueconverter\testconverter\bin\debug\testconverter.dll" id="bc7018a6-58ad-6d3a-4cdc-955061e0cceb">
      <Execution id="8d241cd8-b2b3-4866-847f-a9d749cded34" />
      <TestMethod codeBase="C:/Users/Danil/Documents/Visual Studio 2010/Projects/ValueConverter/TestConverter/bin/Debug/TestConverter.DLL" adapterTypeName="Microsoft.VisualStudio.TestTools.TestTypes.Unit.UnitTestAdapter, Microsoft.VisualStudio.QualityTools.Tips.UnitTest.Adapter, Version=10.0.0.0, Culture=neutral, PublicKeyToken=b03f5f7f11d50a3a" className="ValueConverter.UnitTestConverter, TestConverter, Version=1.0.0.0, Culture=neutral, PublicKeyToken=null" name="TestCable" />
    </UnitTest>
    <UnitTest name="TestMm" storage="c:\users\danil\documents\visual studio 2010\projects\valueconverter\testconverter\bin\debug\testconverter.dll" id="f734391d-c86b-9c79-6817-3a4a95dee844">
      <Execution id="be7b3c37-ea59-4398-9089-9caa7be1e95a" />
      <TestMethod codeBase="C:/Users/Danil/Documents/Visual Studio 2010/Projects/ValueConverter/TestConverter/bin/Debug/TestConverter.DLL" adapterTypeName="Microsoft.VisualStudio.TestTools.TestTypes.Unit.UnitTestAdapter, Microsoft.VisualStudio.QualityTools.Tips.UnitTest.Adapter, Version=10.0.0.0, Culture=neutral, PublicKeyToken=b03f5f7f11d50a3a" className="ValueConverter.UnitTestConverter, TestConverter, Version=1.0.0.0, Culture=neutral, PublicKeyToken=null" name="TestMm" />
    </UnitTest>
    <UnitTest name="TestFoot" storage="c:\users\danil\documents\visual studio 2010\projects\valueconverter\testconverter\bin\debug\testconverter.dll" id="dcb6f8f3-181d-485c-8c06-fb4fa4b60ec4">
      <Execution id="2570e5af-9769-4992-91ad-5f14f9eb63ab" />
      <TestMethod codeBase="C:/Users/Danil/Documents/Visual Studio 2010/Projects/ValueConverter/TestConverter/bin/Debug/TestConverter.DLL" adapterTypeName="Microsoft.VisualStudio.TestTools.TestTypes.Unit.UnitTestAdapter, Microsoft.VisualStudio.QualityTools.Tips.UnitTest.Adapter, Version=10.0.0.0, Culture=neutral, PublicKeyToken=b03f5f7f11d50a3a" className="ValueConverter.UnitTestConverter, TestConverter, Version=1.0.0.0, Culture=neutral, PublicKeyToken=null" name="TestFoot" />
    </UnitTest>
    <UnitTest name="TestArshin" storage="c:\users\danil\documents\visual studio 2010\projects\valueconverter\testconverter\bin\debug\testconverter.dll" id="99efed2a-9f26-cc40-ceeb-bb8a4248a2b1">
      <Execution id="449398d0-01f4-4771-902d-5e2f3fc579f7" />
      <TestMethod codeBase="C:/Users/Danil/Documents/Visual Studio 2010/Projects/ValueConverter/TestConverter/bin/Debug/TestConverter.DLL" adapterTypeName="Microsoft.VisualStudio.TestTools.TestTypes.Unit.UnitTestAdapter, Microsoft.VisualStudio.QualityTools.Tips.UnitTest.Adapter, Version=10.0.0.0, Culture=neutral, PublicKeyToken=b03f5f7f11d50a3a" className="ValueConverter.UnitTestConverter, TestConverter, Version=1.0.0.0, Culture=neutral, PublicKeyToken=null" name="TestArshin" />
    </UnitTest>
    <UnitTest name="TestYard" storage="c:\users\danil\documents\visual studio 2010\projects\valueconverter\testconverter\bin\debug\testconverter.dll" id="253647f4-6e35-4643-ba70-60a8bf6f7977">
      <Execution id="3bb6c3b9-686e-419c-bff4-e5c3bda10a95" />
      <TestMethod codeBase="C:/Users/Danil/Documents/Visual Studio 2010/Projects/ValueConverter/TestConverter/bin/Debug/TestConverter.DLL" adapterTypeName="Microsoft.VisualStudio.TestTools.TestTypes.Unit.UnitTestAdapter, Microsoft.VisualStudio.QualityTools.Tips.UnitTest.Adapter, Version=10.0.0.0, Culture=neutral, PublicKeyToken=b03f5f7f11d50a3a" className="ValueConverter.UnitTestConverter, TestConverter, Version=1.0.0.0, Culture=neutral, PublicKeyToken=null" name="TestYard" />
    </UnitTest>
    <UnitTest name="TestSm" storage="c:\users\danil\documents\visual studio 2010\projects\valueconverter\testconverter\bin\debug\testconverter.dll" id="e8e88452-8bdf-08c0-07ae-44cb569379e0">
      <Execution id="ccdf7649-6053-428a-8d8b-40188b40eb01" />
      <TestMethod codeBase="C:/Users/Danil/Documents/Visual Studio 2010/Projects/ValueConverter/TestConverter/bin/Debug/TestConverter.DLL" adapterTypeName="Microsoft.VisualStudio.TestTools.TestTypes.Unit.UnitTestAdapter, Microsoft.VisualStudio.QualityTools.Tips.UnitTest.Adapter, Version=10.0.0.0, Culture=neutral, PublicKeyToken=b03f5f7f11d50a3a" className="ValueConverter.UnitTestConverter, TestConverter, Version=1.0.0.0, Culture=neutral, PublicKeyToken=null" name="TestSm" />
    </UnitTest>
    <UnitTest name="TestDm" storage="c:\users\danil\documents\visual studio 2010\projects\valueconverter\testconverter\bin\debug\testconverter.dll" id="7f2258af-5541-2aa6-02b9-5828a9a344d3">
      <Execution id="639f39d0-20af-4f15-a039-82a120795ebb" />
      <TestMethod codeBase="C:/Users/Danil/Documents/Visual Studio 2010/Projects/ValueConverter/TestConverter/bin/Debug/TestConverter.DLL" adapterTypeName="Microsoft.VisualStudio.TestTools.TestTypes.Unit.UnitTestAdapter, Microsoft.VisualStudio.QualityTools.Tips.UnitTest.Adapter, Version=10.0.0.0, Culture=neutral, PublicKeyToken=b03f5f7f11d50a3a" className="ValueConverter.UnitTestConverter, TestConverter, Version=1.0.0.0, Culture=neutral, PublicKeyToken=null" name="TestDm" />
    </UnitTest>
  </TestDefinitions>
  <TestLists>
    <TestList name="Отсутствующие в списке результаты" id="8c84fa94-04c1-424b-9868-57a2d4851a1d" />
    <TestList name="Все загруженные результаты" id="19431567-8539-422a-85d7-44ee4e166bda" />
  </TestLists>
  <TestEntries>
    <TestEntry testId="8457edeb-40dd-56f6-f60d-2448aada5658" executionId="f9d91ed8-403a-4633-9720-6de8ad1d2721" testListId="8c84fa94-04c1-424b-9868-57a2d4851a1d" />
    <TestEntry testId="7f2258af-5541-2aa6-02b9-5828a9a344d3" executionId="639f39d0-20af-4f15-a039-82a120795ebb" testListId="8c84fa94-04c1-424b-9868-57a2d4851a1d" />
    <TestEntry testId="e8e88452-8bdf-08c0-07ae-44cb569379e0" executionId="ccdf7649-6053-428a-8d8b-40188b40eb01" testListId="8c84fa94-04c1-424b-9868-57a2d4851a1d" />
    <TestEntry testId="f734391d-c86b-9c79-6817-3a4a95dee844" executionId="be7b3c37-ea59-4398-9089-9caa7be1e95a" testListId="8c84fa94-04c1-424b-9868-57a2d4851a1d" />
    <TestEntry testId="bc479235-bef6-82d9-6fa4-9235741f4682" executionId="4c6354a6-0f0f-42e0-9c10-4f8fb2eaa582" testListId="8c84fa94-04c1-424b-9868-57a2d4851a1d" />
    <TestEntry testId="92c6c4ba-a682-1d4d-9158-241eb25caf2a" executionId="b60e4a4f-5b56-401d-b53d-7ef483bde7dc" testListId="8c84fa94-04c1-424b-9868-57a2d4851a1d" />
    <TestEntry testId="99efed2a-9f26-cc40-ceeb-bb8a4248a2b1" executionId="449398d0-01f4-4771-902d-5e2f3fc579f7" testListId="8c84fa94-04c1-424b-9868-57a2d4851a1d" />
    <TestEntry testId="523b35ec-701f-79e2-1a9e-4ceffceeda09" executionId="d365296b-4665-40dc-a585-e3f9cf2425bb" testListId="8c84fa94-04c1-424b-9868-57a2d4851a1d" />
    <TestEntry testId="1454b147-96ce-7c73-3dd1-b153b1e98e64" executionId="b37c8027-45da-4310-9f55-78e1801c4b82" testListId="8c84fa94-04c1-424b-9868-57a2d4851a1d" />
    <TestEntry testId="dcb6f8f3-181d-485c-8c06-fb4fa4b60ec4" executionId="2570e5af-9769-4992-91ad-5f14f9eb63ab" testListId="8c84fa94-04c1-424b-9868-57a2d4851a1d" />
    <TestEntry testId="253647f4-6e35-4643-ba70-60a8bf6f7977" executionId="3bb6c3b9-686e-419c-bff4-e5c3bda10a95" testListId="8c84fa94-04c1-424b-9868-57a2d4851a1d" />
    <TestEntry testId="bc7018a6-58ad-6d3a-4cdc-955061e0cceb" executionId="8d241cd8-b2b3-4866-847f-a9d749cded34" testListId="8c84fa94-04c1-424b-9868-57a2d4851a1d" />
  </TestEntries>
  <Results>
    <UnitTestResult executionId="f9d91ed8-403a-4633-9720-6de8ad1d2721" testId="8457edeb-40dd-56f6-f60d-2448aada5658" testName="TestMetr" computerName="DANIL-PC" duration="00:00:00.0157202" startTime="2016-03-20T20:38:32.8248768+06:00" endTime="2016-03-20T20:38:33.1318944+06:00" testType="13cdc9d9-ddb5-4fa4-a97d-d965ccfc6d4b" outcome="Passed" testListId="8c84fa94-04c1-424b-9868-57a2d4851a1d" relativeResultsDirectory="f9d91ed8-403a-4633-9720-6de8ad1d2721">
    </UnitTestResult>
    <UnitTestResult executionId="639f39d0-20af-4f15-a039-82a120795ebb" testId="7f2258af-5541-2aa6-02b9-5828a9a344d3" testName="TestDm" computerName="DANIL-PC" duration="00:00:00.0008276" startTime="2016-03-20T20:38:33.1338945+06:00" endTime="2016-03-20T20:38:33.1368947+06:00" testType="13cdc9d9-ddb5-4fa4-a97d-d965ccfc6d4b" outcome="Passed" testListId="8c84fa94-04c1-424b-9868-57a2d4851a1d" relativeResultsDirectory="639f39d0-20af-4f15-a039-82a120795ebb">
    </UnitTestResult>
    <UnitTestResult executionId="ccdf7649-6053-428a-8d8b-40188b40eb01" testId="e8e88452-8bdf-08c0-07ae-44cb569379e0" testName="TestSm" computerName="DANIL-PC" duration="00:00:00.0007823" startTime="2016-03-20T20:38:33.1378947+06:00" endTime="2016-03-20T20:38:33.1408949+06:00" testType="13cdc9d9-ddb5-4fa4-a97d-d965ccfc6d4b" outcome="Passed" testListId="8c84fa94-04c1-424b-9868-57a2d4851a1d" relativeResultsDirectory="ccdf7649-6053-428a-8d8b-40188b40eb01">
    </UnitTestResult>
    <UnitTestResult executionId="be7b3c37-ea59-4398-9089-9caa7be1e95a" testId="f734391d-c86b-9c79-6817-3a4a95dee844" testName="TestMm" computerName="DANIL-PC" duration="00:00:00.0008180" startTime="2016-03-20T20:38:33.1418949+06:00" endTime="2016-03-20T20:38:33.1448951+06:00" testType="13cdc9d9-ddb5-4fa4-a97d-d965ccfc6d4b" outcome="Passed" testListId="8c84fa94-04c1-424b-9868-57a2d4851a1d" relativeResultsDirectory="be7b3c37-ea59-4398-9089-9caa7be1e95a">
    </UnitTestResult>
    <UnitTestResult executionId="4c6354a6-0f0f-42e0-9c10-4f8fb2eaa582" testId="bc479235-bef6-82d9-6fa4-9235741f4682" testName="TestVershok" computerName="DANIL-PC" duration="00:00:00.0007956" startTime="2016-03-20T20:38:33.1468952+06:00" endTime="2016-03-20T20:38:33.1498954+06:00" testType="13cdc9d9-ddb5-4fa4-a97d-d965ccfc6d4b" outcome="Passed" testListId="8c84fa94-04c1-424b-9868-57a2d4851a1d" relativeResultsDirectory="4c6354a6-0f0f-42e0-9c10-4f8fb2eaa582">
    </UnitTestResult>
    <UnitTestResult executionId="b60e4a4f-5b56-401d-b53d-7ef483bde7dc" testId="92c6c4ba-a682-1d4d-9158-241eb25caf2a" testName="TestPyad" computerName="DANIL-PC" duration="00:00:00.0008143" startTime="2016-03-20T20:38:33.1508955+06:00" endTime="2016-03-20T20:38:33.1538956+06:00" testType="13cdc9d9-ddb5-4fa4-a97d-d965ccfc6d4b" outcome="Passed" testListId="8c84fa94-04c1-424b-9868-57a2d4851a1d" relativeResultsDirectory="b60e4a4f-5b56-401d-b53d-7ef483bde7dc">
    </UnitTestResult>
    <UnitTestResult executionId="449398d0-01f4-4771-902d-5e2f3fc579f7" testId="99efed2a-9f26-cc40-ceeb-bb8a4248a2b1" testName="TestArshin" computerName="DANIL-PC" duration="00:00:00.0008059" startTime="2016-03-20T20:38:33.1548957+06:00" endTime="2016-03-20T20:38:33.1578959+06:00" testType="13cdc9d9-ddb5-4fa4-a97d-d965ccfc6d4b" outcome="Passed" testListId="8c84fa94-04c1-424b-9868-57a2d4851a1d" relativeResultsDirectory="449398d0-01f4-4771-902d-5e2f3fc579f7">
    </UnitTestResult>
    <UnitTestResult executionId="d365296b-4665-40dc-a585-e3f9cf2425bb" testId="523b35ec-701f-79e2-1a9e-4ceffceeda09" testName="TestSagen" computerName="DANIL-PC" duration="00:00:00.0007920" startTime="2016-03-20T20:38:33.1598960+06:00" endTime="2016-03-20T20:38:33.1628961+06:00" testType="13cdc9d9-ddb5-4fa4-a97d-d965ccfc6d4b" outcome="Passed" testListId="8c84fa94-04c1-424b-9868-57a2d4851a1d" relativeResultsDirectory="d365296b-4665-40dc-a585-e3f9cf2425bb">
    </UnitTestResult>
    <UnitTestResult executionId="b37c8027-45da-4310-9f55-78e1801c4b82" testId="1454b147-96ce-7c73-3dd1-b153b1e98e64" testName="TestInch" computerName="DANIL-PC" duration="00:00:00.0009381" startTime="2016-03-20T20:38:33.1638962+06:00" endTime="2016-03-20T20:38:33.1668964+06:00" testType="13cdc9d9-ddb5-4fa4-a97d-d965ccfc6d4b" outcome="Passed" testListId="8c84fa94-04c1-424b-9868-57a2d4851a1d" relativeResultsDirectory="b37c8027-45da-4310-9f55-78e1801c4b82">
    </UnitTestResult>
    <UnitTestResult executionId="2570e5af-9769-4992-91ad-5f14f9eb63ab" testId="dcb6f8f3-181d-485c-8c06-fb4fa4b60ec4" testName="TestFoot" computerName="DANIL-PC" duration="00:00:00.0009164" startTime="2016-03-20T20:38:33.1678964+06:00" endTime="2016-03-20T20:38:33.1708966+06:00" testType="13cdc9d9-ddb5-4fa4-a97d-d965ccfc6d4b" outcome="Passed" testListId="8c84fa94-04c1-424b-9868-57a2d4851a1d" relativeResultsDirectory="2570e5af-9769-4992-91ad-5f14f9eb63ab">
    </UnitTestResult>
    <UnitTestResult executionId="3bb6c3b9-686e-419c-bff4-e5c3bda10a95" testId="253647f4-6e35-4643-ba70-60a8bf6f7977" testName="TestYard" computerName="DANIL-PC" duration="00:00:00.0010540" startTime="2016-03-20T20:38:33.1728967+06:00" endTime="2016-03-20T20:38:33.1758969+06:00" testType="13cdc9d9-ddb5-4fa4-a97d-d965ccfc6d4b" outcome="Passed" testListId="8c84fa94-04c1-424b-9868-57a2d4851a1d" relativeResultsDirectory="3bb6c3b9-686e-419c-bff4-e5c3bda10a95">
    </UnitTestResult>
    <UnitTestResult executionId="8d241cd8-b2b3-4866-847f-a9d749cded34" testId="bc7018a6-58ad-6d3a-4cdc-955061e0cceb" testName="TestCable" computerName="DANIL-PC" duration="00:00:00.0165871" startTime="2016-03-20T20:38:33.1768970+06:00" endTime="2016-03-20T20:38:33.1968981+06:00" testType="13cdc9d9-ddb5-4fa4-a97d-d965ccfc6d4b" outcome="Failed" testListId="8c84fa94-04c1-424b-9868-57a2d4851a1d" relativeResultsDirectory="8d241cd8-b2b3-4866-847f-a9d749cded34">
      <Output>
        <ErrorInfo>
          <Message>Ошибка в Assert.AreEqual. Между ожидаемым значением &lt;29162&gt; и фактическим значением &lt;29170&gt; требуется разница не более чем &lt;0,001&gt;. Ошибка конвертации</Message>
          <StackTrace>   в ValueConverter.UnitTestConverter.TestCable() в C:\Users\Danil\Documents\Visual Studio 2010\Projects\ValueConverter\TestConverter\UnitTestConverter.cs:строка 286
</StackTrace>
        </ErrorInfo>
      </Output>
    </UnitTestResult>
  </Results>
</TestRun>