<?xml version="1.0" encoding="UTF-8"?>
<TestRun id="6d03fa48-1b41-4136-955e-e675f03b7eef" name="Danil@DANIL-PC 2016-03-19 11:52:32" runUser="Danil-PC\Danil" xmlns="http://microsoft.com/schemas/VisualStudio/TeamTest/2010">
  <TestSettings name="Локальные" id="26eae600-dc97-45ab-946a-70759e27358f">
    <Description>Это - параметры по умолчанию для локального тестового запуска.</Description>
    <Deployment enabled="false" runDeploymentRoot="Danil_DANIL-PC 2016-03-19 11_52_32">
      <DeploymentItem filename="C:\Users\Danil\Documents\Visual Studio 2010\Projects\ValueConverter\ValueConverter\bin\Debug\ValueConverter.exe" />
    </Deployment>
    <Execution>
      <TestTypeSpecific />
      <AgentRule name="Execution Agents">
      </AgentRule>
    </Execution>
  </TestSettings>
  <Times creation="2016-03-19T11:52:32.2406626+06:00" queuing="2016-03-19T11:52:32.6556863+06:00" start="2016-03-19T11:52:32.6956886+06:00" finish="2016-03-19T11:52:33.0497089+06:00" />
  <ResultSummary outcome="Completed">
    <Counters total="12" executed="12" passed="12" error="0" failed="0" timeout="0" aborted="0" inconclusive="0" passedButRunAborted="0" notRunnable="0" notExecuted="0" disconnected="0" warning="0" completed="0" inProgress="0" pending="0" />
  </ResultSummary>
  <TestDefinitions>
    <UnitTest name="TestDmSm" storage="c:\users\danil\documents\visual studio 2010\projects\valueconverter\testconverter\bin\debug\testconverter.dll" id="a57aff22-b053-f88f-75ed-245c14bfc6e5">
      <Execution id="46134634-f019-40af-8eb7-131716f655a5" />
      <TestMethod codeBase="C:/Users/Danil/Documents/Visual Studio 2010/Projects/ValueConverter/TestConverter/bin/Debug/TestConverter.DLL" adapterTypeName="Microsoft.VisualStudio.TestTools.TestTypes.Unit.UnitTestAdapter, Microsoft.VisualStudio.QualityTools.Tips.UnitTest.Adapter, Version=10.0.0.0, Culture=neutral, PublicKeyToken=b03f5f7f11d50a3a" className="ValueConverter.UnitTestConverter, TestConverter, Version=1.0.0.0, Culture=neutral, PublicKeyToken=null" name="TestDmSm" />
    </UnitTest>
    <UnitTest name="TestSmMetr" storage="c:\users\danil\documents\visual studio 2010\projects\valueconverter\testconverter\bin\debug\testconverter.dll" id="9ba3421a-22d3-8dd2-3b33-7ade886ef9cb">
      <Execution id="03c381ec-07f0-4e70-9d72-65aeacf96dc5" />
      <TestMethod codeBase="C:/Users/Danil/Documents/Visual Studio 2010/Projects/ValueConverter/TestConverter/bin/Debug/TestConverter.DLL" adapterTypeName="Microsoft.VisualStudio.TestTools.TestTypes.Unit.UnitTestAdapter, Microsoft.VisualStudio.QualityTools.Tips.UnitTest.Adapter, Version=10.0.0.0, Culture=neutral, PublicKeyToken=b03f5f7f11d50a3a" className="ValueConverter.UnitTestConverter, TestConverter, Version=1.0.0.0, Culture=neutral, PublicKeyToken=null" name="TestSmMetr" />
    </UnitTest>
    <UnitTest name="TestMetrMm" storage="c:\users\danil\documents\visual studio 2010\projects\valueconverter\testconverter\bin\debug\testconverter.dll" id="e4d2a67b-ad04-ecd0-21a5-fad045265e2d">
      <Execution id="0d2c0267-64e2-489b-b913-1d103af001cb" />
      <TestMethod codeBase="C:/Users/Danil/Documents/Visual Studio 2010/Projects/ValueConverter/TestConverter/bin/Debug/TestConverter.DLL" adapterTypeName="Microsoft.VisualStudio.TestTools.TestTypes.Unit.UnitTestAdapter, Microsoft.VisualStudio.QualityTools.Tips.UnitTest.Adapter, Version=10.0.0.0, Culture=neutral, PublicKeyToken=b03f5f7f11d50a3a" className="ValueConverter.UnitTestConverter, TestConverter, Version=1.0.0.0, Culture=neutral, PublicKeyToken=null" name="TestMetrMm" />
    </UnitTest>
    <UnitTest name="TestMmDm" storage="c:\users\danil\documents\visual studio 2010\projects\valueconverter\testconverter\bin\debug\testconverter.dll" id="feb481cd-226b-f8fb-2e66-af7038d9bf6d">
      <Execution id="d6f6f9ce-4ce2-40ef-8ccc-30e25681024e" />
      <TestMethod codeBase="C:/Users/Danil/Documents/Visual Studio 2010/Projects/ValueConverter/TestConverter/bin/Debug/TestConverter.DLL" adapterTypeName="Microsoft.VisualStudio.TestTools.TestTypes.Unit.UnitTestAdapter, Microsoft.VisualStudio.QualityTools.Tips.UnitTest.Adapter, Version=10.0.0.0, Culture=neutral, PublicKeyToken=b03f5f7f11d50a3a" className="ValueConverter.UnitTestConverter, TestConverter, Version=1.0.0.0, Culture=neutral, PublicKeyToken=null" name="TestMmDm" />
    </UnitTest>
    <UnitTest name="TestMetrSm" storage="c:\users\danil\documents\visual studio 2010\projects\valueconverter\testconverter\bin\debug\testconverter.dll" id="6c2cedde-cd7e-0efc-d6fa-837282b6c32b">
      <Execution id="eca1e955-7617-4145-9e3e-c02c4b272158" />
      <TestMethod codeBase="C:/Users/Danil/Documents/Visual Studio 2010/Projects/ValueConverter/TestConverter/bin/Debug/TestConverter.DLL" adapterTypeName="Microsoft.VisualStudio.TestTools.TestTypes.Unit.UnitTestAdapter, Microsoft.VisualStudio.QualityTools.Tips.UnitTest.Adapter, Version=10.0.0.0, Culture=neutral, PublicKeyToken=b03f5f7f11d50a3a" className="ValueConverter.UnitTestConverter, TestConverter, Version=1.0.0.0, Culture=neutral, PublicKeyToken=null" name="TestMetrSm" />
    </UnitTest>
    <UnitTest name="TestSmMm" storage="c:\users\danil\documents\visual studio 2010\projects\valueconverter\testconverter\bin\debug\testconverter.dll" id="18b7e4e4-b90d-6a98-eccf-cc1fc273a112">
      <Execution id="134911be-fc80-4842-b2e1-fe0499fb8e96" />
      <TestMethod codeBase="C:/Users/Danil/Documents/Visual Studio 2010/Projects/ValueConverter/TestConverter/bin/Debug/TestConverter.DLL" adapterTypeName="Microsoft.VisualStudio.TestTools.TestTypes.Unit.UnitTestAdapter, Microsoft.VisualStudio.QualityTools.Tips.UnitTest.Adapter, Version=10.0.0.0, Culture=neutral, PublicKeyToken=b03f5f7f11d50a3a" className="ValueConverter.UnitTestConverter, TestConverter, Version=1.0.0.0, Culture=neutral, PublicKeyToken=null" name="TestSmMm" />
    </UnitTest>
    <UnitTest name="TestSmDm" storage="c:\users\danil\documents\visual studio 2010\projects\valueconverter\testconverter\bin\debug\testconverter.dll" id="032f58ba-8aa6-4d5a-5072-3b9bf5ac4a7e">
      <Execution id="3ca839f5-f480-427f-86de-760fac5aba38" />
      <TestMethod codeBase="C:/Users/Danil/Documents/Visual Studio 2010/Projects/ValueConverter/TestConverter/bin/Debug/TestConverter.DLL" adapterTypeName="Microsoft.VisualStudio.TestTools.TestTypes.Unit.UnitTestAdapter, Microsoft.VisualStudio.QualityTools.Tips.UnitTest.Adapter, Version=10.0.0.0, Culture=neutral, PublicKeyToken=b03f5f7f11d50a3a" className="ValueConverter.UnitTestConverter, TestConverter, Version=1.0.0.0, Culture=neutral, PublicKeyToken=null" name="TestSmDm" />
    </UnitTest>
    <UnitTest name="TestMetrDm" storage="c:\users\danil\documents\visual studio 2010\projects\valueconverter\testconverter\bin\debug\testconverter.dll" id="c0883313-e389-a91f-1210-0652148b1a2f">
      <Execution id="26a476ae-6f6b-44f7-870b-7fcdbb475e70" />
      <TestMethod codeBase="C:/Users/Danil/Documents/Visual Studio 2010/Projects/ValueConverter/TestConverter/bin/Debug/TestConverter.DLL" adapterTypeName="Microsoft.VisualStudio.TestTools.TestTypes.Unit.UnitTestAdapter, Microsoft.VisualStudio.QualityTools.Tips.UnitTest.Adapter, Version=10.0.0.0, Culture=neutral, PublicKeyToken=b03f5f7f11d50a3a" className="ValueConverter.UnitTestConverter, TestConverter, Version=1.0.0.0, Culture=neutral, PublicKeyToken=null" name="TestMetrDm" />
    </UnitTest>
    <UnitTest name="TestMmMetr" storage="c:\users\danil\documents\visual studio 2010\projects\valueconverter\testconverter\bin\debug\testconverter.dll" id="2c1b110b-9439-153a-81d8-8cfd34023275">
      <Execution id="cfe3143d-163d-46c8-94d0-faa5370c14e6" />
      <TestMethod codeBase="C:/Users/Danil/Documents/Visual Studio 2010/Projects/ValueConverter/TestConverter/bin/Debug/TestConverter.DLL" adapterTypeName="Microsoft.VisualStudio.TestTools.TestTypes.Unit.UnitTestAdapter, Microsoft.VisualStudio.QualityTools.Tips.UnitTest.Adapter, Version=10.0.0.0, Culture=neutral, PublicKeyToken=b03f5f7f11d50a3a" className="ValueConverter.UnitTestConverter, TestConverter, Version=1.0.0.0, Culture=neutral, PublicKeyToken=null" name="TestMmMetr" />
    </UnitTest>
    <UnitTest name="TestDmMetr" storage="c:\users\danil\documents\visual studio 2010\projects\valueconverter\testconverter\bin\debug\testconverter.dll" id="79c6110a-95f0-0319-18c8-4c7911f4b745">
      <Execution id="a91b0eb9-cee1-43ff-8104-1c62c579216f" />
      <TestMethod codeBase="C:/Users/Danil/Documents/Visual Studio 2010/Projects/ValueConverter/TestConverter/bin/Debug/TestConverter.DLL" adapterTypeName="Microsoft.VisualStudio.TestTools.TestTypes.Unit.UnitTestAdapter, Microsoft.VisualStudio.QualityTools.Tips.UnitTest.Adapter, Version=10.0.0.0, Culture=neutral, PublicKeyToken=b03f5f7f11d50a3a" className="ValueConverter.UnitTestConverter, TestConverter, Version=1.0.0.0, Culture=neutral, PublicKeyToken=null" name="TestDmMetr" />
    </UnitTest>
    <UnitTest name="TestDmMm" storage="c:\users\danil\documents\visual studio 2010\projects\valueconverter\testconverter\bin\debug\testconverter.dll" id="3d402391-365d-2a98-9024-f4cd22140996">
      <Execution id="078feaaa-4f95-44ee-a792-ea644f7693da" />
      <TestMethod codeBase="C:/Users/Danil/Documents/Visual Studio 2010/Projects/ValueConverter/TestConverter/bin/Debug/TestConverter.DLL" adapterTypeName="Microsoft.VisualStudio.TestTools.TestTypes.Unit.UnitTestAdapter, Microsoft.VisualStudio.QualityTools.Tips.UnitTest.Adapter, Version=10.0.0.0, Culture=neutral, PublicKeyToken=b03f5f7f11d50a3a" className="ValueConverter.UnitTestConverter, TestConverter, Version=1.0.0.0, Culture=neutral, PublicKeyToken=null" name="TestDmMm" />
    </UnitTest>
    <UnitTest name="TestMmSm" storage="c:\users\danil\documents\visual studio 2010\projects\valueconverter\testconverter\bin\debug\testconverter.dll" id="353206ff-aa2a-cb79-c509-69ae29047a15">
      <Execution id="ea50d502-1093-451a-95ee-0c51c788f9da" />
      <TestMethod codeBase="C:/Users/Danil/Documents/Visual Studio 2010/Projects/ValueConverter/TestConverter/bin/Debug/TestConverter.DLL" adapterTypeName="Microsoft.VisualStudio.TestTools.TestTypes.Unit.UnitTestAdapter, Microsoft.VisualStudio.QualityTools.Tips.UnitTest.Adapter, Version=10.0.0.0, Culture=neutral, PublicKeyToken=b03f5f7f11d50a3a" className="ValueConverter.UnitTestConverter, TestConverter, Version=1.0.0.0, Culture=neutral, PublicKeyToken=null" name="TestMmSm" />
    </UnitTest>
  </TestDefinitions>
  <TestLists>
    <TestList name="Отсутствующие в списке результаты" id="8c84fa94-04c1-424b-9868-57a2d4851a1d" />
    <TestList name="Все загруженные результаты" id="19431567-8539-422a-85d7-44ee4e166bda" />
  </TestLists>
  <TestEntries>
    <TestEntry testId="c0883313-e389-a91f-1210-0652148b1a2f" executionId="26a476ae-6f6b-44f7-870b-7fcdbb475e70" testListId="8c84fa94-04c1-424b-9868-57a2d4851a1d" />
    <TestEntry testId="6c2cedde-cd7e-0efc-d6fa-837282b6c32b" executionId="eca1e955-7617-4145-9e3e-c02c4b272158" testListId="8c84fa94-04c1-424b-9868-57a2d4851a1d" />
    <TestEntry testId="e4d2a67b-ad04-ecd0-21a5-fad045265e2d" executionId="0d2c0267-64e2-489b-b913-1d103af001cb" testListId="8c84fa94-04c1-424b-9868-57a2d4851a1d" />
    <TestEntry testId="79c6110a-95f0-0319-18c8-4c7911f4b745" executionId="a91b0eb9-cee1-43ff-8104-1c62c579216f" testListId="8c84fa94-04c1-424b-9868-57a2d4851a1d" />
    <TestEntry testId="a57aff22-b053-f88f-75ed-245c14bfc6e5" executionId="46134634-f019-40af-8eb7-131716f655a5" testListId="8c84fa94-04c1-424b-9868-57a2d4851a1d" />
    <TestEntry testId="3d402391-365d-2a98-9024-f4cd22140996" executionId="078feaaa-4f95-44ee-a792-ea644f7693da" testListId="8c84fa94-04c1-424b-9868-57a2d4851a1d" />
    <TestEntry testId="9ba3421a-22d3-8dd2-3b33-7ade886ef9cb" executionId="03c381ec-07f0-4e70-9d72-65aeacf96dc5" testListId="8c84fa94-04c1-424b-9868-57a2d4851a1d" />
    <TestEntry testId="032f58ba-8aa6-4d5a-5072-3b9bf5ac4a7e" executionId="3ca839f5-f480-427f-86de-760fac5aba38" testListId="8c84fa94-04c1-424b-9868-57a2d4851a1d" />
    <TestEntry testId="18b7e4e4-b90d-6a98-eccf-cc1fc273a112" executionId="134911be-fc80-4842-b2e1-fe0499fb8e96" testListId="8c84fa94-04c1-424b-9868-57a2d4851a1d" />
    <TestEntry testId="2c1b110b-9439-153a-81d8-8cfd34023275" executionId="cfe3143d-163d-46c8-94d0-faa5370c14e6" testListId="8c84fa94-04c1-424b-9868-57a2d4851a1d" />
    <TestEntry testId="feb481cd-226b-f8fb-2e66-af7038d9bf6d" executionId="d6f6f9ce-4ce2-40ef-8ccc-30e25681024e" testListId="8c84fa94-04c1-424b-9868-57a2d4851a1d" />
    <TestEntry testId="353206ff-aa2a-cb79-c509-69ae29047a15" executionId="ea50d502-1093-451a-95ee-0c51c788f9da" testListId="8c84fa94-04c1-424b-9868-57a2d4851a1d" />
  </TestEntries>
  <Results>
    <UnitTestResult executionId="26a476ae-6f6b-44f7-870b-7fcdbb475e70" testId="c0883313-e389-a91f-1210-0652148b1a2f" testName="TestMetrDm" computerName="DANIL-PC" duration="00:00:00.0144718" startTime="2016-03-19T11:52:32.7066892+06:00" endTime="2016-03-19T11:52:32.9587036+06:00" testType="13cdc9d9-ddb5-4fa4-a97d-d965ccfc6d4b" outcome="Passed" testListId="8c84fa94-04c1-424b-9868-57a2d4851a1d" relativeResultsDirectory="26a476ae-6f6b-44f7-870b-7fcdbb475e70">
    </UnitTestResult>
    <UnitTestResult executionId="eca1e955-7617-4145-9e3e-c02c4b272158" testId="6c2cedde-cd7e-0efc-d6fa-837282b6c32b" testName="TestMetrSm" computerName="DANIL-PC" duration="00:00:00.0002680" startTime="2016-03-19T11:52:32.9597037+06:00" endTime="2016-03-19T11:52:32.9637039+06:00" testType="13cdc9d9-ddb5-4fa4-a97d-d965ccfc6d4b" outcome="Passed" testListId="8c84fa94-04c1-424b-9868-57a2d4851a1d" relativeResultsDirectory="eca1e955-7617-4145-9e3e-c02c4b272158">
    </UnitTestResult>
    <UnitTestResult executionId="0d2c0267-64e2-489b-b913-1d103af001cb" testId="e4d2a67b-ad04-ecd0-21a5-fad045265e2d" testName="TestMetrMm" computerName="DANIL-PC" duration="00:00:00.0002632" startTime="2016-03-19T11:52:32.9637039+06:00" endTime="2016-03-19T11:52:32.9667041+06:00" testType="13cdc9d9-ddb5-4fa4-a97d-d965ccfc6d4b" outcome="Passed" testListId="8c84fa94-04c1-424b-9868-57a2d4851a1d" relativeResultsDirectory="0d2c0267-64e2-489b-b913-1d103af001cb">
    </UnitTestResult>
    <UnitTestResult executionId="a91b0eb9-cee1-43ff-8104-1c62c579216f" testId="79c6110a-95f0-0319-18c8-4c7911f4b745" testName="TestDmMetr" computerName="DANIL-PC" duration="00:00:00.0004364" startTime="2016-03-19T11:52:32.9677042+06:00" endTime="2016-03-19T11:52:32.9707043+06:00" testType="13cdc9d9-ddb5-4fa4-a97d-d965ccfc6d4b" outcome="Passed" testListId="8c84fa94-04c1-424b-9868-57a2d4851a1d" relativeResultsDirectory="a91b0eb9-cee1-43ff-8104-1c62c579216f">
    </UnitTestResult>
    <UnitTestResult executionId="46134634-f019-40af-8eb7-131716f655a5" testId="a57aff22-b053-f88f-75ed-245c14bfc6e5" testName="TestDmSm" computerName="DANIL-PC" duration="00:00:00.0003537" startTime="2016-03-19T11:52:32.9717044+06:00" endTime="2016-03-19T11:52:32.9777047+06:00" testType="13cdc9d9-ddb5-4fa4-a97d-d965ccfc6d4b" outcome="Passed" testListId="8c84fa94-04c1-424b-9868-57a2d4851a1d" relativeResultsDirectory="46134634-f019-40af-8eb7-131716f655a5">
    </UnitTestResult>
    <UnitTestResult executionId="078feaaa-4f95-44ee-a792-ea644f7693da" testId="3d402391-365d-2a98-9024-f4cd22140996" testName="TestDmMm" computerName="DANIL-PC" duration="00:00:00.0002632" startTime="2016-03-19T11:52:32.9787048+06:00" endTime="2016-03-19T11:52:32.9827050+06:00" testType="13cdc9d9-ddb5-4fa4-a97d-d965ccfc6d4b" outcome="Passed" testListId="8c84fa94-04c1-424b-9868-57a2d4851a1d" relativeResultsDirectory="078feaaa-4f95-44ee-a792-ea644f7693da">
    </UnitTestResult>
    <UnitTestResult executionId="03c381ec-07f0-4e70-9d72-65aeacf96dc5" testId="9ba3421a-22d3-8dd2-3b33-7ade886ef9cb" testName="TestSmMetr" computerName="DANIL-PC" duration="00:00:00.0004099" startTime="2016-03-19T11:52:32.9837051+06:00" endTime="2016-03-19T11:52:32.9867053+06:00" testType="13cdc9d9-ddb5-4fa4-a97d-d965ccfc6d4b" outcome="Passed" testListId="8c84fa94-04c1-424b-9868-57a2d4851a1d" relativeResultsDirectory="03c381ec-07f0-4e70-9d72-65aeacf96dc5">
    </UnitTestResult>
    <UnitTestResult executionId="3ca839f5-f480-427f-86de-760fac5aba38" testId="032f58ba-8aa6-4d5a-5072-3b9bf5ac4a7e" testName="TestSmDm" computerName="DANIL-PC" duration="00:00:00.0001895" startTime="2016-03-19T11:52:32.9877053+06:00" endTime="2016-03-19T11:52:32.9897054+06:00" testType="13cdc9d9-ddb5-4fa4-a97d-d965ccfc6d4b" outcome="Passed" testListId="8c84fa94-04c1-424b-9868-57a2d4851a1d" relativeResultsDirectory="3ca839f5-f480-427f-86de-760fac5aba38">
    </UnitTestResult>
    <UnitTestResult executionId="134911be-fc80-4842-b2e1-fe0499fb8e96" testId="18b7e4e4-b90d-6a98-eccf-cc1fc273a112" testName="TestSmMm" computerName="DANIL-PC" duration="00:00:00.0002378" startTime="2016-03-19T11:52:32.9907055+06:00" endTime="2016-03-19T11:52:32.9927056+06:00" testType="13cdc9d9-ddb5-4fa4-a97d-d965ccfc6d4b" outcome="Passed" testListId="8c84fa94-04c1-424b-9868-57a2d4851a1d" relativeResultsDirectory="134911be-fc80-4842-b2e1-fe0499fb8e96">
    </UnitTestResult>
    <UnitTestResult executionId="cfe3143d-163d-46c8-94d0-faa5370c14e6" testId="2c1b110b-9439-153a-81d8-8cfd34023275" testName="TestMmMetr" computerName="DANIL-PC" duration="00:00:00.0003567" startTime="2016-03-19T11:52:32.9947057+06:00" endTime="2016-03-19T11:52:32.9967058+06:00" testType="13cdc9d9-ddb5-4fa4-a97d-d965ccfc6d4b" outcome="Passed" testListId="8c84fa94-04c1-424b-9868-57a2d4851a1d" relativeResultsDirectory="cfe3143d-163d-46c8-94d0-faa5370c14e6">
    </UnitTestResult>
    <UnitTestResult executionId="d6f6f9ce-4ce2-40ef-8ccc-30e25681024e" testId="feb481cd-226b-f8fb-2e66-af7038d9bf6d" testName="TestMmDm" computerName="DANIL-PC" duration="00:00:00.0002372" startTime="2016-03-19T11:52:32.9977059+06:00" endTime="2016-03-19T11:52:32.9997060+06:00" testType="13cdc9d9-ddb5-4fa4-a97d-d965ccfc6d4b" outcome="Passed" testListId="8c84fa94-04c1-424b-9868-57a2d4851a1d" relativeResultsDirectory="d6f6f9ce-4ce2-40ef-8ccc-30e25681024e">
    </UnitTestResult>
    <UnitTestResult executionId="ea50d502-1093-451a-95ee-0c51c788f9da" testId="353206ff-aa2a-cb79-c509-69ae29047a15" testName="TestMmSm" computerName="DANIL-PC" duration="00:00:00.0002499" startTime="2016-03-19T11:52:33.0007061+06:00" endTime="2016-03-19T11:52:33.0037062+06:00" testType="13cdc9d9-ddb5-4fa4-a97d-d965ccfc6d4b" outcome="Passed" testListId="8c84fa94-04c1-424b-9868-57a2d4851a1d" relativeResultsDirectory="ea50d502-1093-451a-95ee-0c51c788f9da">
    </UnitTestResult>
  </Results>
</TestRun>