<?xml version="1.0" encoding="UTF-8"?>
<TestRun id="ff33874c-354b-4a3c-be6c-69ee23baaf0a" name="Danil@DANIL-PC 2016-03-20 20:38:19" runUser="Danil-PC\Danil" xmlns="http://microsoft.com/schemas/VisualStudio/TeamTest/2010">
  <TestSettings name="Локальные" id="26eae600-dc97-45ab-946a-70759e27358f">
    <Description>Это - параметры по умолчанию для локального тестового запуска.</Description>
    <Deployment enabled="false" runDeploymentRoot="Danil_DANIL-PC 2016-03-20 20_38_19">
      <DeploymentItem filename="C:\Users\Danil\Documents\Visual Studio 2010\Projects\ValueConverter\ValueConverter\bin\Debug\ValueConverter.exe" />
    </Deployment>
    <Execution>
      <TestTypeSpecific />
      <AgentRule name="Execution Agents">
      </AgentRule>
    </Execution>
  </TestSettings>
  <Times creation="2016-03-20T20:38:19.7531292+06:00" queuing="2016-03-20T20:38:20.8851939+06:00" start="2016-03-20T20:38:20.8971946+06:00" finish="2016-03-20T20:38:21.3402199+06:00" />
  <ResultSummary outcome="Failed">
    <Counters total="12" executed="12" passed="11" error="0" failed="1" timeout="0" aborted="0" inconclusive="0" passedButRunAborted="0" notRunnable="0" notExecuted="0" disconnected="0" warning="0" completed="0" inProgress="0" pending="0" />
  </ResultSummary>
  <TestDefinitions>
    <UnitTest name="TestSagen" storage="c:\users\danil\documents\visual studio 2010\projects\valueconverter\testconverter\bin\debug\testconverter.dll" id="523b35ec-701f-79e2-1a9e-4ceffceeda09">
      <Execution id="2c847dcd-fb7a-41c3-994a-b1bcbfef33d4" />
      <TestMethod codeBase="C:/Users/Danil/Documents/Visual Studio 2010/Projects/ValueConverter/TestConverter/bin/Debug/TestConverter.DLL" adapterTypeName="Microsoft.VisualStudio.TestTools.TestTypes.Unit.UnitTestAdapter, Microsoft.VisualStudio.QualityTools.Tips.UnitTest.Adapter, Version=10.0.0.0, Culture=neutral, PublicKeyToken=b03f5f7f11d50a3a" className="ValueConverter.UnitTestConverter, TestConverter, Version=1.0.0.0, Culture=neutral, PublicKeyToken=null" name="TestSagen" />
    </UnitTest>
    <UnitTest name="TestInch" storage="c:\users\danil\documents\visual studio 2010\projects\valueconverter\testconverter\bin\debug\testconverter.dll" id="1454b147-96ce-7c73-3dd1-b153b1e98e64">
      <Execution id="60984972-d982-455b-8e8e-5dbbd256c450" />
      <TestMethod codeBase="C:/Users/Danil/Documents/Visual Studio 2010/Projects/ValueConverter/TestConverter/bin/Debug/TestConverter.DLL" adapterTypeName="Microsoft.VisualStudio.TestTools.TestTypes.Unit.UnitTestAdapter, Microsoft.VisualStudio.QualityTools.Tips.UnitTest.Adapter, Version=10.0.0.0, Culture=neutral, PublicKeyToken=b03f5f7f11d50a3a" className="ValueConverter.UnitTestConverter, TestConverter, Version=1.0.0.0, Culture=neutral, PublicKeyToken=null" name="TestInch" />
    </UnitTest>
    <UnitTest name="TestMetr" storage="c:\users\danil\documents\visual studio 2010\projects\valueconverter\testconverter\bin\debug\testconverter.dll" id="8457edeb-40dd-56f6-f60d-2448aada5658">
      <Execution id="85744a27-848a-4669-92c5-b62052827fc5" />
      <TestMethod codeBase="C:/Users/Danil/Documents/Visual Studio 2010/Projects/ValueConverter/TestConverter/bin/Debug/TestConverter.DLL" adapterTypeName="Microsoft.VisualStudio.TestTools.TestTypes.Unit.UnitTestAdapter, Microsoft.VisualStudio.QualityTools.Tips.UnitTest.Adapter, Version=10.0.0.0, Culture=neutral, PublicKeyToken=b03f5f7f11d50a3a" className="ValueConverter.UnitTestConverter, TestConverter, Version=1.0.0.0, Culture=neutral, PublicKeyToken=null" name="TestMetr" />
    </UnitTest>
    <UnitTest name="TestVershok" storage="c:\users\danil\documents\visual studio 2010\projects\valueconverter\testconverter\bin\debug\testconverter.dll" id="bc479235-bef6-82d9-6fa4-9235741f4682">
      <Execution id="32b728d0-e7d4-459b-b84d-7416c1787f0b" />
      <TestMethod codeBase="C:/Users/Danil/Documents/Visual Studio 2010/Projects/ValueConverter/TestConverter/bin/Debug/TestConverter.DLL" adapterTypeName="Microsoft.VisualStudio.TestTools.TestTypes.Unit.UnitTestAdapter, Microsoft.VisualStudio.QualityTools.Tips.UnitTest.Adapter, Version=10.0.0.0, Culture=neutral, PublicKeyToken=b03f5f7f11d50a3a" className="ValueConverter.UnitTestConverter, TestConverter, Version=1.0.0.0, Culture=neutral, PublicKeyToken=null" name="TestVershok" />
    </UnitTest>
    <UnitTest name="TestPyad" storage="c:\users\danil\documents\visual studio 2010\projects\valueconverter\testconverter\bin\debug\testconverter.dll" id="92c6c4ba-a682-1d4d-9158-241eb25caf2a">
      <Execution id="48f447a2-3eba-4b29-8057-3020099e6c09" />
      <TestMethod codeBase="C:/Users/Danil/Documents/Visual Studio 2010/Projects/ValueConverter/TestConverter/bin/Debug/TestConverter.DLL" adapterTypeName="Microsoft.VisualStudio.TestTools.TestTypes.Unit.UnitTestAdapter, Microsoft.VisualStudio.QualityTools.Tips.UnitTest.Adapter, Version=10.0.0.0, Culture=neutral, PublicKeyToken=b03f5f7f11d50a3a" className="ValueConverter.UnitTestConverter, TestConverter, Version=1.0.0.0, Culture=neutral, PublicKeyToken=null" name="TestPyad" />
    </UnitTest>
    <UnitTest name="TestCable" storage="c:\users\danil\documents\visual studio 2010\projects\valueconverter\testconverter\bin\debug\testconverter.dll" id="bc7018a6-58ad-6d3a-4cdc-955061e0cceb">
      <Execution id="100cf413-204d-4ee1-8957-8600c189688a" />
      <TestMethod codeBase="C:/Users/Danil/Documents/Visual Studio 2010/Projects/ValueConverter/TestConverter/bin/Debug/TestConverter.DLL" adapterTypeName="Microsoft.VisualStudio.TestTools.TestTypes.Unit.UnitTestAdapter, Microsoft.VisualStudio.QualityTools.Tips.UnitTest.Adapter, Version=10.0.0.0, Culture=neutral, PublicKeyToken=b03f5f7f11d50a3a" className="ValueConverter.UnitTestConverter, TestConverter, Version=1.0.0.0, Culture=neutral, PublicKeyToken=null" name="TestCable" />
    </UnitTest>
    <UnitTest name="TestMm" storage="c:\users\danil\documents\visual studio 2010\projects\valueconverter\testconverter\bin\debug\testconverter.dll" id="f734391d-c86b-9c79-6817-3a4a95dee844">
      <Execution id="0ea4babe-e384-43f6-bcac-2c525312e2dd" />
      <TestMethod codeBase="C:/Users/Danil/Documents/Visual Studio 2010/Projects/ValueConverter/TestConverter/bin/Debug/TestConverter.DLL" adapterTypeName="Microsoft.VisualStudio.TestTools.TestTypes.Unit.UnitTestAdapter, Microsoft.VisualStudio.QualityTools.Tips.UnitTest.Adapter, Version=10.0.0.0, Culture=neutral, PublicKeyToken=b03f5f7f11d50a3a" className="ValueConverter.UnitTestConverter, TestConverter, Version=1.0.0.0, Culture=neutral, PublicKeyToken=null" name="TestMm" />
    </UnitTest>
    <UnitTest name="TestFoot" storage="c:\users\danil\documents\visual studio 2010\projects\valueconverter\testconverter\bin\debug\testconverter.dll" id="dcb6f8f3-181d-485c-8c06-fb4fa4b60ec4">
      <Execution id="8ce66b08-304c-43fa-bffb-491ae3f02bc6" />
      <TestMethod codeBase="C:/Users/Danil/Documents/Visual Studio 2010/Projects/ValueConverter/TestConverter/bin/Debug/TestConverter.DLL" adapterTypeName="Microsoft.VisualStudio.TestTools.TestTypes.Unit.UnitTestAdapter, Microsoft.VisualStudio.QualityTools.Tips.UnitTest.Adapter, Version=10.0.0.0, Culture=neutral, PublicKeyToken=b03f5f7f11d50a3a" className="ValueConverter.UnitTestConverter, TestConverter, Version=1.0.0.0, Culture=neutral, PublicKeyToken=null" name="TestFoot" />
    </UnitTest>
    <UnitTest name="TestArshin" storage="c:\users\danil\documents\visual studio 2010\projects\valueconverter\testconverter\bin\debug\testconverter.dll" id="99efed2a-9f26-cc40-ceeb-bb8a4248a2b1">
      <Execution id="a189cbbe-dfd4-4a89-b861-126b2b8216b1" />
      <TestMethod codeBase="C:/Users/Danil/Documents/Visual Studio 2010/Projects/ValueConverter/TestConverter/bin/Debug/TestConverter.DLL" adapterTypeName="Microsoft.VisualStudio.TestTools.TestTypes.Unit.UnitTestAdapter, Microsoft.VisualStudio.QualityTools.Tips.UnitTest.Adapter, Version=10.0.0.0, Culture=neutral, PublicKeyToken=b03f5f7f11d50a3a" className="ValueConverter.UnitTestConverter, TestConverter, Version=1.0.0.0, Culture=neutral, PublicKeyToken=null" name="TestArshin" />
    </UnitTest>
    <UnitTest name="TestYard" storage="c:\users\danil\documents\visual studio 2010\projects\valueconverter\testconverter\bin\debug\testconverter.dll" id="253647f4-6e35-4643-ba70-60a8bf6f7977">
      <Execution id="7800a894-b156-46f9-9246-acd87c119850" />
      <TestMethod codeBase="C:/Users/Danil/Documents/Visual Studio 2010/Projects/ValueConverter/TestConverter/bin/Debug/TestConverter.DLL" adapterTypeName="Microsoft.VisualStudio.TestTools.TestTypes.Unit.UnitTestAdapter, Microsoft.VisualStudio.QualityTools.Tips.UnitTest.Adapter, Version=10.0.0.0, Culture=neutral, PublicKeyToken=b03f5f7f11d50a3a" className="ValueConverter.UnitTestConverter, TestConverter, Version=1.0.0.0, Culture=neutral, PublicKeyToken=null" name="TestYard" />
    </UnitTest>
    <UnitTest name="TestSm" storage="c:\users\danil\documents\visual studio 2010\projects\valueconverter\testconverter\bin\debug\testconverter.dll" id="e8e88452-8bdf-08c0-07ae-44cb569379e0">
      <Execution id="f210433e-b385-4350-ae7b-cfdb61b049c9" />
      <TestMethod codeBase="C:/Users/Danil/Documents/Visual Studio 2010/Projects/ValueConverter/TestConverter/bin/Debug/TestConverter.DLL" adapterTypeName="Microsoft.VisualStudio.TestTools.TestTypes.Unit.UnitTestAdapter, Microsoft.VisualStudio.QualityTools.Tips.UnitTest.Adapter, Version=10.0.0.0, Culture=neutral, PublicKeyToken=b03f5f7f11d50a3a" className="ValueConverter.UnitTestConverter, TestConverter, Version=1.0.0.0, Culture=neutral, PublicKeyToken=null" name="TestSm" />
    </UnitTest>
    <UnitTest name="TestDm" storage="c:\users\danil\documents\visual studio 2010\projects\valueconverter\testconverter\bin\debug\testconverter.dll" id="7f2258af-5541-2aa6-02b9-5828a9a344d3">
      <Execution id="f95cf3dc-91b0-4420-9dee-bc30a51cc3a0" />
      <TestMethod codeBase="C:/Users/Danil/Documents/Visual Studio 2010/Projects/ValueConverter/TestConverter/bin/Debug/TestConverter.DLL" adapterTypeName="Microsoft.VisualStudio.TestTools.TestTypes.Unit.UnitTestAdapter, Microsoft.VisualStudio.QualityTools.Tips.UnitTest.Adapter, Version=10.0.0.0, Culture=neutral, PublicKeyToken=b03f5f7f11d50a3a" className="ValueConverter.UnitTestConverter, TestConverter, Version=1.0.0.0, Culture=neutral, PublicKeyToken=null" name="TestDm" />
    </UnitTest>
  </TestDefinitions>
  <TestLists>
    <TestList name="Отсутствующие в списке результаты" id="8c84fa94-04c1-424b-9868-57a2d4851a1d" />
    <TestList name="Все загруженные результаты" id="19431567-8539-422a-85d7-44ee4e166bda" />
  </TestLists>
  <TestEntries>
    <TestEntry testId="8457edeb-40dd-56f6-f60d-2448aada5658" executionId="85744a27-848a-4669-92c5-b62052827fc5" testListId="8c84fa94-04c1-424b-9868-57a2d4851a1d" />
    <TestEntry testId="7f2258af-5541-2aa6-02b9-5828a9a344d3" executionId="f95cf3dc-91b0-4420-9dee-bc30a51cc3a0" testListId="8c84fa94-04c1-424b-9868-57a2d4851a1d" />
    <TestEntry testId="e8e88452-8bdf-08c0-07ae-44cb569379e0" executionId="f210433e-b385-4350-ae7b-cfdb61b049c9" testListId="8c84fa94-04c1-424b-9868-57a2d4851a1d" />
    <TestEntry testId="f734391d-c86b-9c79-6817-3a4a95dee844" executionId="0ea4babe-e384-43f6-bcac-2c525312e2dd" testListId="8c84fa94-04c1-424b-9868-57a2d4851a1d" />
    <TestEntry testId="bc479235-bef6-82d9-6fa4-9235741f4682" executionId="32b728d0-e7d4-459b-b84d-7416c1787f0b" testListId="8c84fa94-04c1-424b-9868-57a2d4851a1d" />
    <TestEntry testId="92c6c4ba-a682-1d4d-9158-241eb25caf2a" executionId="48f447a2-3eba-4b29-8057-3020099e6c09" testListId="8c84fa94-04c1-424b-9868-57a2d4851a1d" />
    <TestEntry testId="99efed2a-9f26-cc40-ceeb-bb8a4248a2b1" executionId="a189cbbe-dfd4-4a89-b861-126b2b8216b1" testListId="8c84fa94-04c1-424b-9868-57a2d4851a1d" />
    <TestEntry testId="523b35ec-701f-79e2-1a9e-4ceffceeda09" executionId="2c847dcd-fb7a-41c3-994a-b1bcbfef33d4" testListId="8c84fa94-04c1-424b-9868-57a2d4851a1d" />
    <TestEntry testId="1454b147-96ce-7c73-3dd1-b153b1e98e64" executionId="60984972-d982-455b-8e8e-5dbbd256c450" testListId="8c84fa94-04c1-424b-9868-57a2d4851a1d" />
    <TestEntry testId="dcb6f8f3-181d-485c-8c06-fb4fa4b60ec4" executionId="8ce66b08-304c-43fa-bffb-491ae3f02bc6" testListId="8c84fa94-04c1-424b-9868-57a2d4851a1d" />
    <TestEntry testId="253647f4-6e35-4643-ba70-60a8bf6f7977" executionId="7800a894-b156-46f9-9246-acd87c119850" testListId="8c84fa94-04c1-424b-9868-57a2d4851a1d" />
    <TestEntry testId="bc7018a6-58ad-6d3a-4cdc-955061e0cceb" executionId="100cf413-204d-4ee1-8957-8600c189688a" testListId="8c84fa94-04c1-424b-9868-57a2d4851a1d" />
  </TestEntries>
  <Results>
    <UnitTestResult executionId="85744a27-848a-4669-92c5-b62052827fc5" testId="8457edeb-40dd-56f6-f60d-2448aada5658" testName="TestMetr" computerName="DANIL-PC" duration="00:00:00.0161319" startTime="2016-03-20T20:38:20.9011948+06:00" endTime="2016-03-20T20:38:21.2242133+06:00" testType="13cdc9d9-ddb5-4fa4-a97d-d965ccfc6d4b" outcome="Passed" testListId="8c84fa94-04c1-424b-9868-57a2d4851a1d" relativeResultsDirectory="85744a27-848a-4669-92c5-b62052827fc5">
    </UnitTestResult>
    <UnitTestResult executionId="f95cf3dc-91b0-4420-9dee-bc30a51cc3a0" testId="7f2258af-5541-2aa6-02b9-5828a9a344d3" testName="TestDm" computerName="DANIL-PC" duration="00:00:00.0013136" startTime="2016-03-20T20:38:21.2252134+06:00" endTime="2016-03-20T20:38:21.2312137+06:00" testType="13cdc9d9-ddb5-4fa4-a97d-d965ccfc6d4b" outcome="Passed" testListId="8c84fa94-04c1-424b-9868-57a2d4851a1d" relativeResultsDirectory="f95cf3dc-91b0-4420-9dee-bc30a51cc3a0">
    </UnitTestResult>
    <UnitTestResult executionId="f210433e-b385-4350-ae7b-cfdb61b049c9" testId="e8e88452-8bdf-08c0-07ae-44cb569379e0" testName="TestSm" computerName="DANIL-PC" duration="00:00:00.0012876" startTime="2016-03-20T20:38:21.2452145+06:00" endTime="2016-03-20T20:38:21.2512148+06:00" testType="13cdc9d9-ddb5-4fa4-a97d-d965ccfc6d4b" outcome="Passed" testListId="8c84fa94-04c1-424b-9868-57a2d4851a1d" relativeResultsDirectory="f210433e-b385-4350-ae7b-cfdb61b049c9">
    </UnitTestResult>
    <UnitTestResult executionId="0ea4babe-e384-43f6-bcac-2c525312e2dd" testId="f734391d-c86b-9c79-6817-3a4a95dee844" testName="TestMm" computerName="DANIL-PC" duration="00:00:00.0008011" startTime="2016-03-20T20:38:21.2532150+06:00" endTime="2016-03-20T20:38:21.2572152+06:00" testType="13cdc9d9-ddb5-4fa4-a97d-d965ccfc6d4b" outcome="Passed" testListId="8c84fa94-04c1-424b-9868-57a2d4851a1d" relativeResultsDirectory="0ea4babe-e384-43f6-bcac-2c525312e2dd">
    </UnitTestResult>
    <UnitTestResult executionId="32b728d0-e7d4-459b-b84d-7416c1787f0b" testId="bc479235-bef6-82d9-6fa4-9235741f4682" testName="TestVershok" computerName="DANIL-PC" duration="00:00:00.0012840" startTime="2016-03-20T20:38:21.2582152+06:00" endTime="2016-03-20T20:38:21.2622155+06:00" testType="13cdc9d9-ddb5-4fa4-a97d-d965ccfc6d4b" outcome="Passed" testListId="8c84fa94-04c1-424b-9868-57a2d4851a1d" relativeResultsDirectory="32b728d0-e7d4-459b-b84d-7416c1787f0b">
    </UnitTestResult>
    <UnitTestResult executionId="48f447a2-3eba-4b29-8057-3020099e6c09" testId="92c6c4ba-a682-1d4d-9158-241eb25caf2a" testName="TestPyad" computerName="DANIL-PC" duration="00:00:00.0010836" startTime="2016-03-20T20:38:21.2642156+06:00" endTime="2016-03-20T20:38:21.2682158+06:00" testType="13cdc9d9-ddb5-4fa4-a97d-d965ccfc6d4b" outcome="Passed" testListId="8c84fa94-04c1-424b-9868-57a2d4851a1d" relativeResultsDirectory="48f447a2-3eba-4b29-8057-3020099e6c09">
    </UnitTestResult>
    <UnitTestResult executionId="a189cbbe-dfd4-4a89-b861-126b2b8216b1" testId="99efed2a-9f26-cc40-ceeb-bb8a4248a2b1" testName="TestArshin" computerName="DANIL-PC" duration="00:00:00.0012659" startTime="2016-03-20T20:38:21.2712160+06:00" endTime="2016-03-20T20:38:21.2772163+06:00" testType="13cdc9d9-ddb5-4fa4-a97d-d965ccfc6d4b" outcome="Passed" testListId="8c84fa94-04c1-424b-9868-57a2d4851a1d" relativeResultsDirectory="a189cbbe-dfd4-4a89-b861-126b2b8216b1">
    </UnitTestResult>
    <UnitTestResult executionId="2c847dcd-fb7a-41c3-994a-b1bcbfef33d4" testId="523b35ec-701f-79e2-1a9e-4ceffceeda09" testName="TestSagen" computerName="DANIL-PC" duration="00:00:00.0012731" startTime="2016-03-20T20:38:21.2792164+06:00" endTime="2016-03-20T20:38:21.2842167+06:00" testType="13cdc9d9-ddb5-4fa4-a97d-d965ccfc6d4b" outcome="Passed" testListId="8c84fa94-04c1-424b-9868-57a2d4851a1d" relativeResultsDirectory="2c847dcd-fb7a-41c3-994a-b1bcbfef33d4">
    </UnitTestResult>
    <UnitTestResult executionId="60984972-d982-455b-8e8e-5dbbd256c450" testId="1454b147-96ce-7c73-3dd1-b153b1e98e64" testName="TestInch" computerName="DANIL-PC" duration="00:00:00.0009441" startTime="2016-03-20T20:38:21.2862168+06:00" endTime="2016-03-20T20:38:21.2892170+06:00" testType="13cdc9d9-ddb5-4fa4-a97d-d965ccfc6d4b" outcome="Passed" testListId="8c84fa94-04c1-424b-9868-57a2d4851a1d" relativeResultsDirectory="60984972-d982-455b-8e8e-5dbbd256c450">
    </UnitTestResult>
    <UnitTestResult executionId="8ce66b08-304c-43fa-bffb-491ae3f02bc6" testId="dcb6f8f3-181d-485c-8c06-fb4fa4b60ec4" testName="TestFoot" computerName="DANIL-PC" duration="00:00:00.0014699" startTime="2016-03-20T20:38:21.2912171+06:00" endTime="2016-03-20T20:38:21.2952174+06:00" testType="13cdc9d9-ddb5-4fa4-a97d-d965ccfc6d4b" outcome="Passed" testListId="8c84fa94-04c1-424b-9868-57a2d4851a1d" relativeResultsDirectory="8ce66b08-304c-43fa-bffb-491ae3f02bc6">
    </UnitTestResult>
    <UnitTestResult executionId="7800a894-b156-46f9-9246-acd87c119850" testId="253647f4-6e35-4643-ba70-60a8bf6f7977" testName="TestYard" computerName="DANIL-PC" duration="00:00:00.0010625" startTime="2016-03-20T20:38:21.2972175+06:00" endTime="2016-03-20T20:38:21.3012177+06:00" testType="13cdc9d9-ddb5-4fa4-a97d-d965ccfc6d4b" outcome="Passed" testListId="8c84fa94-04c1-424b-9868-57a2d4851a1d" relativeResultsDirectory="7800a894-b156-46f9-9246-acd87c119850">
    </UnitTestResult>
    <UnitTestResult executionId="100cf413-204d-4ee1-8957-8600c189688a" testId="bc7018a6-58ad-6d3a-4cdc-955061e0cceb" testName="TestCable" computerName="DANIL-PC" duration="00:00:00.0166613" startTime="2016-03-20T20:38:21.3032178+06:00" endTime="2016-03-20T20:38:21.3232190+06:00" testType="13cdc9d9-ddb5-4fa4-a97d-d965ccfc6d4b" outcome="Failed" testListId="8c84fa94-04c1-424b-9868-57a2d4851a1d" relativeResultsDirectory="100cf413-204d-4ee1-8957-8600c189688a">
      <Output>
        <ErrorInfo>
          <Message>Ошибка в Assert.AreEqual. Между ожидаемым значением &lt;12964&gt; и фактическим значением &lt;12960&gt; требуется разница не более чем &lt;0,001&gt;. Ошибка конвертации</Message>
          <StackTrace>   в ValueConverter.UnitTestConverter.TestCable() в C:\Users\Danil\Documents\Visual Studio 2010\Projects\ValueConverter\TestConverter\UnitTestConverter.cs:строка 280
</StackTrace>
        </ErrorInfo>
      </Output>
    </UnitTestResult>
  </Results>
</TestRun>