<?xml version="1.0" encoding="UTF-8"?>
<TestRun id="d2bb04cd-0a90-492f-9835-c20eae25d9d6" name="Danil@DANIL-PC 2016-03-20 20:35:25" runUser="Danil-PC\Danil" xmlns="http://microsoft.com/schemas/VisualStudio/TeamTest/2010">
  <TestSettings name="Локальные" id="26eae600-dc97-45ab-946a-70759e27358f">
    <Description>Это - параметры по умолчанию для локального тестового запуска.</Description>
    <Deployment enabled="false" runDeploymentRoot="Danil_DANIL-PC 2016-03-20 20_35_25">
      <DeploymentItem filename="C:\Users\Danil\Documents\Visual Studio 2010\Projects\ValueConverter\ValueConverter\bin\Debug\ValueConverter.exe" />
    </Deployment>
    <Execution>
      <TestTypeSpecific />
      <AgentRule name="Execution Agents">
      </AgentRule>
    </Execution>
  </TestSettings>
  <Times creation="2016-03-20T20:35:25.3691550+06:00" queuing="2016-03-20T20:35:26.6722295+06:00" start="2016-03-20T20:35:26.6942308+06:00" finish="2016-03-20T20:35:27.0372504+06:00" />
  <ResultSummary outcome="Failed">
    <Counters total="11" executed="11" passed="10" error="0" failed="1" timeout="0" aborted="0" inconclusive="0" passedButRunAborted="0" notRunnable="0" notExecuted="0" disconnected="0" warning="0" completed="0" inProgress="0" pending="0" />
  </ResultSummary>
  <TestDefinitions>
    <UnitTest name="TestSagen" storage="c:\users\danil\documents\visual studio 2010\projects\valueconverter\testconverter\bin\debug\testconverter.dll" id="523b35ec-701f-79e2-1a9e-4ceffceeda09">
      <Execution id="e8d87757-2765-4f4d-a84a-faff6dba5131" />
      <TestMethod codeBase="C:/Users/Danil/Documents/Visual Studio 2010/Projects/ValueConverter/TestConverter/bin/Debug/TestConverter.DLL" adapterTypeName="Microsoft.VisualStudio.TestTools.TestTypes.Unit.UnitTestAdapter, Microsoft.VisualStudio.QualityTools.Tips.UnitTest.Adapter, Version=10.0.0.0, Culture=neutral, PublicKeyToken=b03f5f7f11d50a3a" className="ValueConverter.UnitTestConverter, TestConverter, Version=1.0.0.0, Culture=neutral, PublicKeyToken=null" name="TestSagen" />
    </UnitTest>
    <UnitTest name="TestInch" storage="c:\users\danil\documents\visual studio 2010\projects\valueconverter\testconverter\bin\debug\testconverter.dll" id="1454b147-96ce-7c73-3dd1-b153b1e98e64">
      <Execution id="85ba73b8-4c1b-4326-8fcc-a72c1cce35c1" />
      <TestMethod codeBase="C:/Users/Danil/Documents/Visual Studio 2010/Projects/ValueConverter/TestConverter/bin/Debug/TestConverter.DLL" adapterTypeName="Microsoft.VisualStudio.TestTools.TestTypes.Unit.UnitTestAdapter, Microsoft.VisualStudio.QualityTools.Tips.UnitTest.Adapter, Version=10.0.0.0, Culture=neutral, PublicKeyToken=b03f5f7f11d50a3a" className="ValueConverter.UnitTestConverter, TestConverter, Version=1.0.0.0, Culture=neutral, PublicKeyToken=null" name="TestInch" />
    </UnitTest>
    <UnitTest name="TestMetr" storage="c:\users\danil\documents\visual studio 2010\projects\valueconverter\testconverter\bin\debug\testconverter.dll" id="8457edeb-40dd-56f6-f60d-2448aada5658">
      <Execution id="9b6a58c8-d682-4b9a-9d7b-08ad554aa207" />
      <TestMethod codeBase="C:/Users/Danil/Documents/Visual Studio 2010/Projects/ValueConverter/TestConverter/bin/Debug/TestConverter.DLL" adapterTypeName="Microsoft.VisualStudio.TestTools.TestTypes.Unit.UnitTestAdapter, Microsoft.VisualStudio.QualityTools.Tips.UnitTest.Adapter, Version=10.0.0.0, Culture=neutral, PublicKeyToken=b03f5f7f11d50a3a" className="ValueConverter.UnitTestConverter, TestConverter, Version=1.0.0.0, Culture=neutral, PublicKeyToken=null" name="TestMetr" />
    </UnitTest>
    <UnitTest name="TestVershok" storage="c:\users\danil\documents\visual studio 2010\projects\valueconverter\testconverter\bin\debug\testconverter.dll" id="bc479235-bef6-82d9-6fa4-9235741f4682">
      <Execution id="89295ba8-27d5-4c84-a356-cd345f8c2731" />
      <TestMethod codeBase="C:/Users/Danil/Documents/Visual Studio 2010/Projects/ValueConverter/TestConverter/bin/Debug/TestConverter.DLL" adapterTypeName="Microsoft.VisualStudio.TestTools.TestTypes.Unit.UnitTestAdapter, Microsoft.VisualStudio.QualityTools.Tips.UnitTest.Adapter, Version=10.0.0.0, Culture=neutral, PublicKeyToken=b03f5f7f11d50a3a" className="ValueConverter.UnitTestConverter, TestConverter, Version=1.0.0.0, Culture=neutral, PublicKeyToken=null" name="TestVershok" />
    </UnitTest>
    <UnitTest name="TestPyad" storage="c:\users\danil\documents\visual studio 2010\projects\valueconverter\testconverter\bin\debug\testconverter.dll" id="92c6c4ba-a682-1d4d-9158-241eb25caf2a">
      <Execution id="77ae1662-d0a1-4bf4-95c2-023bad2dc396" />
      <TestMethod codeBase="C:/Users/Danil/Documents/Visual Studio 2010/Projects/ValueConverter/TestConverter/bin/Debug/TestConverter.DLL" adapterTypeName="Microsoft.VisualStudio.TestTools.TestTypes.Unit.UnitTestAdapter, Microsoft.VisualStudio.QualityTools.Tips.UnitTest.Adapter, Version=10.0.0.0, Culture=neutral, PublicKeyToken=b03f5f7f11d50a3a" className="ValueConverter.UnitTestConverter, TestConverter, Version=1.0.0.0, Culture=neutral, PublicKeyToken=null" name="TestPyad" />
    </UnitTest>
    <UnitTest name="TestMm" storage="c:\users\danil\documents\visual studio 2010\projects\valueconverter\testconverter\bin\debug\testconverter.dll" id="f734391d-c86b-9c79-6817-3a4a95dee844">
      <Execution id="460de1f3-6e93-49e0-ac60-334fb37e936a" />
      <TestMethod codeBase="C:/Users/Danil/Documents/Visual Studio 2010/Projects/ValueConverter/TestConverter/bin/Debug/TestConverter.DLL" adapterTypeName="Microsoft.VisualStudio.TestTools.TestTypes.Unit.UnitTestAdapter, Microsoft.VisualStudio.QualityTools.Tips.UnitTest.Adapter, Version=10.0.0.0, Culture=neutral, PublicKeyToken=b03f5f7f11d50a3a" className="ValueConverter.UnitTestConverter, TestConverter, Version=1.0.0.0, Culture=neutral, PublicKeyToken=null" name="TestMm" />
    </UnitTest>
    <UnitTest name="TestFoot" storage="c:\users\danil\documents\visual studio 2010\projects\valueconverter\testconverter\bin\debug\testconverter.dll" id="dcb6f8f3-181d-485c-8c06-fb4fa4b60ec4">
      <Execution id="6c96ab12-2524-48cd-a7cb-9cc6b46a6fe1" />
      <TestMethod codeBase="C:/Users/Danil/Documents/Visual Studio 2010/Projects/ValueConverter/TestConverter/bin/Debug/TestConverter.DLL" adapterTypeName="Microsoft.VisualStudio.TestTools.TestTypes.Unit.UnitTestAdapter, Microsoft.VisualStudio.QualityTools.Tips.UnitTest.Adapter, Version=10.0.0.0, Culture=neutral, PublicKeyToken=b03f5f7f11d50a3a" className="ValueConverter.UnitTestConverter, TestConverter, Version=1.0.0.0, Culture=neutral, PublicKeyToken=null" name="TestFoot" />
    </UnitTest>
    <UnitTest name="TestArshin" storage="c:\users\danil\documents\visual studio 2010\projects\valueconverter\testconverter\bin\debug\testconverter.dll" id="99efed2a-9f26-cc40-ceeb-bb8a4248a2b1">
      <Execution id="92adf339-f5c7-4265-8752-8745751b9e11" />
      <TestMethod codeBase="C:/Users/Danil/Documents/Visual Studio 2010/Projects/ValueConverter/TestConverter/bin/Debug/TestConverter.DLL" adapterTypeName="Microsoft.VisualStudio.TestTools.TestTypes.Unit.UnitTestAdapter, Microsoft.VisualStudio.QualityTools.Tips.UnitTest.Adapter, Version=10.0.0.0, Culture=neutral, PublicKeyToken=b03f5f7f11d50a3a" className="ValueConverter.UnitTestConverter, TestConverter, Version=1.0.0.0, Culture=neutral, PublicKeyToken=null" name="TestArshin" />
    </UnitTest>
    <UnitTest name="TestYard" storage="c:\users\danil\documents\visual studio 2010\projects\valueconverter\testconverter\bin\debug\testconverter.dll" id="253647f4-6e35-4643-ba70-60a8bf6f7977">
      <Execution id="fad717de-1fda-4a77-9f56-cc9e72f632b1" />
      <TestMethod codeBase="C:/Users/Danil/Documents/Visual Studio 2010/Projects/ValueConverter/TestConverter/bin/Debug/TestConverter.DLL" adapterTypeName="Microsoft.VisualStudio.TestTools.TestTypes.Unit.UnitTestAdapter, Microsoft.VisualStudio.QualityTools.Tips.UnitTest.Adapter, Version=10.0.0.0, Culture=neutral, PublicKeyToken=b03f5f7f11d50a3a" className="ValueConverter.UnitTestConverter, TestConverter, Version=1.0.0.0, Culture=neutral, PublicKeyToken=null" name="TestYard" />
    </UnitTest>
    <UnitTest name="TestSm" storage="c:\users\danil\documents\visual studio 2010\projects\valueconverter\testconverter\bin\debug\testconverter.dll" id="e8e88452-8bdf-08c0-07ae-44cb569379e0">
      <Execution id="3b028127-1429-4cb7-95d1-9ca9db65a7ce" />
      <TestMethod codeBase="C:/Users/Danil/Documents/Visual Studio 2010/Projects/ValueConverter/TestConverter/bin/Debug/TestConverter.DLL" adapterTypeName="Microsoft.VisualStudio.TestTools.TestTypes.Unit.UnitTestAdapter, Microsoft.VisualStudio.QualityTools.Tips.UnitTest.Adapter, Version=10.0.0.0, Culture=neutral, PublicKeyToken=b03f5f7f11d50a3a" className="ValueConverter.UnitTestConverter, TestConverter, Version=1.0.0.0, Culture=neutral, PublicKeyToken=null" name="TestSm" />
    </UnitTest>
    <UnitTest name="TestDm" storage="c:\users\danil\documents\visual studio 2010\projects\valueconverter\testconverter\bin\debug\testconverter.dll" id="7f2258af-5541-2aa6-02b9-5828a9a344d3">
      <Execution id="5ae00cde-f76c-4079-a355-de6436bd8d8a" />
      <TestMethod codeBase="C:/Users/Danil/Documents/Visual Studio 2010/Projects/ValueConverter/TestConverter/bin/Debug/TestConverter.DLL" adapterTypeName="Microsoft.VisualStudio.TestTools.TestTypes.Unit.UnitTestAdapter, Microsoft.VisualStudio.QualityTools.Tips.UnitTest.Adapter, Version=10.0.0.0, Culture=neutral, PublicKeyToken=b03f5f7f11d50a3a" className="ValueConverter.UnitTestConverter, TestConverter, Version=1.0.0.0, Culture=neutral, PublicKeyToken=null" name="TestDm" />
    </UnitTest>
  </TestDefinitions>
  <TestLists>
    <TestList name="Отсутствующие в списке результаты" id="8c84fa94-04c1-424b-9868-57a2d4851a1d" />
    <TestList name="Все загруженные результаты" id="19431567-8539-422a-85d7-44ee4e166bda" />
  </TestLists>
  <TestEntries>
    <TestEntry testId="8457edeb-40dd-56f6-f60d-2448aada5658" executionId="9b6a58c8-d682-4b9a-9d7b-08ad554aa207" testListId="8c84fa94-04c1-424b-9868-57a2d4851a1d" />
    <TestEntry testId="7f2258af-5541-2aa6-02b9-5828a9a344d3" executionId="5ae00cde-f76c-4079-a355-de6436bd8d8a" testListId="8c84fa94-04c1-424b-9868-57a2d4851a1d" />
    <TestEntry testId="e8e88452-8bdf-08c0-07ae-44cb569379e0" executionId="3b028127-1429-4cb7-95d1-9ca9db65a7ce" testListId="8c84fa94-04c1-424b-9868-57a2d4851a1d" />
    <TestEntry testId="f734391d-c86b-9c79-6817-3a4a95dee844" executionId="460de1f3-6e93-49e0-ac60-334fb37e936a" testListId="8c84fa94-04c1-424b-9868-57a2d4851a1d" />
    <TestEntry testId="bc479235-bef6-82d9-6fa4-9235741f4682" executionId="89295ba8-27d5-4c84-a356-cd345f8c2731" testListId="8c84fa94-04c1-424b-9868-57a2d4851a1d" />
    <TestEntry testId="92c6c4ba-a682-1d4d-9158-241eb25caf2a" executionId="77ae1662-d0a1-4bf4-95c2-023bad2dc396" testListId="8c84fa94-04c1-424b-9868-57a2d4851a1d" />
    <TestEntry testId="99efed2a-9f26-cc40-ceeb-bb8a4248a2b1" executionId="92adf339-f5c7-4265-8752-8745751b9e11" testListId="8c84fa94-04c1-424b-9868-57a2d4851a1d" />
    <TestEntry testId="523b35ec-701f-79e2-1a9e-4ceffceeda09" executionId="e8d87757-2765-4f4d-a84a-faff6dba5131" testListId="8c84fa94-04c1-424b-9868-57a2d4851a1d" />
    <TestEntry testId="1454b147-96ce-7c73-3dd1-b153b1e98e64" executionId="85ba73b8-4c1b-4326-8fcc-a72c1cce35c1" testListId="8c84fa94-04c1-424b-9868-57a2d4851a1d" />
    <TestEntry testId="dcb6f8f3-181d-485c-8c06-fb4fa4b60ec4" executionId="6c96ab12-2524-48cd-a7cb-9cc6b46a6fe1" testListId="8c84fa94-04c1-424b-9868-57a2d4851a1d" />
    <TestEntry testId="253647f4-6e35-4643-ba70-60a8bf6f7977" executionId="fad717de-1fda-4a77-9f56-cc9e72f632b1" testListId="8c84fa94-04c1-424b-9868-57a2d4851a1d" />
  </TestEntries>
  <Results>
    <UnitTestResult executionId="9b6a58c8-d682-4b9a-9d7b-08ad554aa207" testId="8457edeb-40dd-56f6-f60d-2448aada5658" testName="TestMetr" computerName="DANIL-PC" duration="00:00:00.0182032" startTime="2016-03-20T20:35:26.7052314+06:00" endTime="2016-03-20T20:35:26.9532456+06:00" testType="13cdc9d9-ddb5-4fa4-a97d-d965ccfc6d4b" outcome="Passed" testListId="8c84fa94-04c1-424b-9868-57a2d4851a1d" relativeResultsDirectory="9b6a58c8-d682-4b9a-9d7b-08ad554aa207">
    </UnitTestResult>
    <UnitTestResult executionId="5ae00cde-f76c-4079-a355-de6436bd8d8a" testId="7f2258af-5541-2aa6-02b9-5828a9a344d3" testName="TestDm" computerName="DANIL-PC" duration="00:00:00.0008403" startTime="2016-03-20T20:35:26.9542456+06:00" endTime="2016-03-20T20:35:26.9572458+06:00" testType="13cdc9d9-ddb5-4fa4-a97d-d965ccfc6d4b" outcome="Passed" testListId="8c84fa94-04c1-424b-9868-57a2d4851a1d" relativeResultsDirectory="5ae00cde-f76c-4079-a355-de6436bd8d8a">
    </UnitTestResult>
    <UnitTestResult executionId="3b028127-1429-4cb7-95d1-9ca9db65a7ce" testId="e8e88452-8bdf-08c0-07ae-44cb569379e0" testName="TestSm" computerName="DANIL-PC" duration="00:00:00.0008143" startTime="2016-03-20T20:35:26.9582459+06:00" endTime="2016-03-20T20:35:26.9622461+06:00" testType="13cdc9d9-ddb5-4fa4-a97d-d965ccfc6d4b" outcome="Passed" testListId="8c84fa94-04c1-424b-9868-57a2d4851a1d" relativeResultsDirectory="3b028127-1429-4cb7-95d1-9ca9db65a7ce">
    </UnitTestResult>
    <UnitTestResult executionId="460de1f3-6e93-49e0-ac60-334fb37e936a" testId="f734391d-c86b-9c79-6817-3a4a95dee844" testName="TestMm" computerName="DANIL-PC" duration="00:00:00.0009333" startTime="2016-03-20T20:35:26.9632461+06:00" endTime="2016-03-20T20:35:26.9672464+06:00" testType="13cdc9d9-ddb5-4fa4-a97d-d965ccfc6d4b" outcome="Passed" testListId="8c84fa94-04c1-424b-9868-57a2d4851a1d" relativeResultsDirectory="460de1f3-6e93-49e0-ac60-334fb37e936a">
    </UnitTestResult>
    <UnitTestResult executionId="89295ba8-27d5-4c84-a356-cd345f8c2731" testId="bc479235-bef6-82d9-6fa4-9235741f4682" testName="TestVershok" computerName="DANIL-PC" duration="00:00:00.0008330" startTime="2016-03-20T20:35:26.9682464+06:00" endTime="2016-03-20T20:35:26.9722467+06:00" testType="13cdc9d9-ddb5-4fa4-a97d-d965ccfc6d4b" outcome="Passed" testListId="8c84fa94-04c1-424b-9868-57a2d4851a1d" relativeResultsDirectory="89295ba8-27d5-4c84-a356-cd345f8c2731">
    </UnitTestResult>
    <UnitTestResult executionId="77ae1662-d0a1-4bf4-95c2-023bad2dc396" testId="92c6c4ba-a682-1d4d-9158-241eb25caf2a" testName="TestPyad" computerName="DANIL-PC" duration="00:00:00.0008487" startTime="2016-03-20T20:35:26.9732467+06:00" endTime="2016-03-20T20:35:26.9772469+06:00" testType="13cdc9d9-ddb5-4fa4-a97d-d965ccfc6d4b" outcome="Passed" testListId="8c84fa94-04c1-424b-9868-57a2d4851a1d" relativeResultsDirectory="77ae1662-d0a1-4bf4-95c2-023bad2dc396">
    </UnitTestResult>
    <UnitTestResult executionId="92adf339-f5c7-4265-8752-8745751b9e11" testId="99efed2a-9f26-cc40-ceeb-bb8a4248a2b1" testName="TestArshin" computerName="DANIL-PC" duration="00:00:00.0015684" startTime="2016-03-20T20:35:26.9782470+06:00" endTime="2016-03-20T20:35:26.9852474+06:00" testType="13cdc9d9-ddb5-4fa4-a97d-d965ccfc6d4b" outcome="Passed" testListId="8c84fa94-04c1-424b-9868-57a2d4851a1d" relativeResultsDirectory="92adf339-f5c7-4265-8752-8745751b9e11">
    </UnitTestResult>
    <UnitTestResult executionId="e8d87757-2765-4f4d-a84a-faff6dba5131" testId="523b35ec-701f-79e2-1a9e-4ceffceeda09" testName="TestSagen" computerName="DANIL-PC" duration="00:00:00.0008807" startTime="2016-03-20T20:35:26.9872475+06:00" endTime="2016-03-20T20:35:26.9902477+06:00" testType="13cdc9d9-ddb5-4fa4-a97d-d965ccfc6d4b" outcome="Passed" testListId="8c84fa94-04c1-424b-9868-57a2d4851a1d" relativeResultsDirectory="e8d87757-2765-4f4d-a84a-faff6dba5131">
    </UnitTestResult>
    <UnitTestResult executionId="85ba73b8-4c1b-4326-8fcc-a72c1cce35c1" testId="1454b147-96ce-7c73-3dd1-b153b1e98e64" testName="TestInch" computerName="DANIL-PC" duration="00:00:00.0015877" startTime="2016-03-20T20:35:26.9922478+06:00" endTime="2016-03-20T20:35:26.9982481+06:00" testType="13cdc9d9-ddb5-4fa4-a97d-d965ccfc6d4b" outcome="Passed" testListId="8c84fa94-04c1-424b-9868-57a2d4851a1d" relativeResultsDirectory="85ba73b8-4c1b-4326-8fcc-a72c1cce35c1">
    </UnitTestResult>
    <UnitTestResult executionId="6c96ab12-2524-48cd-a7cb-9cc6b46a6fe1" testId="dcb6f8f3-181d-485c-8c06-fb4fa4b60ec4" testName="TestFoot" computerName="DANIL-PC" duration="00:00:00.0009671" startTime="2016-03-20T20:35:26.9992482+06:00" endTime="2016-03-20T20:35:27.0032484+06:00" testType="13cdc9d9-ddb5-4fa4-a97d-d965ccfc6d4b" outcome="Passed" testListId="8c84fa94-04c1-424b-9868-57a2d4851a1d" relativeResultsDirectory="6c96ab12-2524-48cd-a7cb-9cc6b46a6fe1">
    </UnitTestResult>
    <UnitTestResult executionId="fad717de-1fda-4a77-9f56-cc9e72f632b1" testId="253647f4-6e35-4643-ba70-60a8bf6f7977" testName="TestYard" computerName="DANIL-PC" duration="00:00:00.0171691" startTime="2016-03-20T20:35:27.0042485+06:00" endTime="2016-03-20T20:35:27.0242496+06:00" testType="13cdc9d9-ddb5-4fa4-a97d-d965ccfc6d4b" outcome="Failed" testListId="8c84fa94-04c1-424b-9868-57a2d4851a1d" relativeResultsDirectory="fad717de-1fda-4a77-9f56-cc9e72f632b1">
      <Output>
        <ErrorInfo>
          <Message>Ошибка в Assert.AreEqual. Между ожидаемым значением &lt;143,99&gt; и фактическим значением &lt;144&gt; требуется разница не более чем &lt;0,001&gt;. Ошибка конвертации</Message>
          <StackTrace>   в ValueConverter.UnitTestConverter.TestYard() в C:\Users\Danil\Documents\Visual Studio 2010\Projects\ValueConverter\TestConverter\UnitTestConverter.cs:строка 256
</StackTrace>
        </ErrorInfo>
      </Output>
    </UnitTestResult>
  </Results>
</TestRun>