<?xml version="1.0" encoding="UTF-8"?>
<TestRun id="e059948f-8a91-4048-ac42-759c769fd4bf" name="Danil@DANIL-PC 2016-03-20 18:16:05" runUser="Danil-PC\Danil" xmlns="http://microsoft.com/schemas/VisualStudio/TeamTest/2010">
  <TestSettings name="Локальные" id="26eae600-dc97-45ab-946a-70759e27358f">
    <Description>Это - параметры по умолчанию для локального тестового запуска.</Description>
    <Deployment enabled="false" runDeploymentRoot="Danil_DANIL-PC 2016-03-20 18_16_05">
      <DeploymentItem filename="C:\Users\Danil\Documents\Visual Studio 2010\Projects\ValueConverter\ValueConverter\bin\Debug\ValueConverter.exe" />
    </Deployment>
    <Execution>
      <TestTypeSpecific />
      <AgentRule name="Execution Agents">
      </AgentRule>
    </Execution>
  </TestSettings>
  <Times creation="2016-03-20T18:16:05.6840083+06:00" queuing="2016-03-20T18:16:07.3081012+06:00" start="2016-03-20T18:16:07.3201019+06:00" finish="2016-03-20T18:16:07.6051182+06:00" />
  <ResultSummary outcome="Completed">
    <Counters total="8" executed="8" passed="8" error="0" failed="0" timeout="0" aborted="0" inconclusive="0" passedButRunAborted="0" notRunnable="0" notExecuted="0" disconnected="0" warning="0" completed="0" inProgress="0" pending="0" />
  </ResultSummary>
  <TestDefinitions>
    <UnitTest name="TestInch" storage="c:\users\danil\documents\visual studio 2010\projects\valueconverter\testconverter\bin\debug\testconverter.dll" id="1454b147-96ce-7c73-3dd1-b153b1e98e64">
      <Execution id="dde84804-2a4c-4f8e-89ce-190506b13385" />
      <TestMethod codeBase="C:/Users/Danil/Documents/Visual Studio 2010/Projects/ValueConverter/TestConverter/bin/Debug/TestConverter.DLL" adapterTypeName="Microsoft.VisualStudio.TestTools.TestTypes.Unit.UnitTestAdapter, Microsoft.VisualStudio.QualityTools.Tips.UnitTest.Adapter, Version=10.0.0.0, Culture=neutral, PublicKeyToken=b03f5f7f11d50a3a" className="ValueConverter.UnitTestConverter, TestConverter, Version=1.0.0.0, Culture=neutral, PublicKeyToken=null" name="TestInch" />
    </UnitTest>
    <UnitTest name="TestFathom" storage="c:\users\danil\documents\visual studio 2010\projects\valueconverter\testconverter\bin\debug\testconverter.dll" id="a1dd95cc-e384-491c-1ad4-a9f627276652">
      <Execution id="7ec3c74a-fc87-40d8-9803-3f6f2783ea6d" />
      <TestMethod codeBase="C:/Users/Danil/Documents/Visual Studio 2010/Projects/ValueConverter/TestConverter/bin/Debug/TestConverter.DLL" adapterTypeName="Microsoft.VisualStudio.TestTools.TestTypes.Unit.UnitTestAdapter, Microsoft.VisualStudio.QualityTools.Tips.UnitTest.Adapter, Version=10.0.0.0, Culture=neutral, PublicKeyToken=b03f5f7f11d50a3a" className="ValueConverter.UnitTestConverter, TestConverter, Version=1.0.0.0, Culture=neutral, PublicKeyToken=null" name="TestFathom" />
    </UnitTest>
    <UnitTest name="TestMm" storage="c:\users\danil\documents\visual studio 2010\projects\valueconverter\testconverter\bin\debug\testconverter.dll" id="f734391d-c86b-9c79-6817-3a4a95dee844">
      <Execution id="a2f2dcd1-383c-4f65-bf6b-01242cb1f68d" />
      <TestMethod codeBase="C:/Users/Danil/Documents/Visual Studio 2010/Projects/ValueConverter/TestConverter/bin/Debug/TestConverter.DLL" adapterTypeName="Microsoft.VisualStudio.TestTools.TestTypes.Unit.UnitTestAdapter, Microsoft.VisualStudio.QualityTools.Tips.UnitTest.Adapter, Version=10.0.0.0, Culture=neutral, PublicKeyToken=b03f5f7f11d50a3a" className="ValueConverter.UnitTestConverter, TestConverter, Version=1.0.0.0, Culture=neutral, PublicKeyToken=null" name="TestMm" />
    </UnitTest>
    <UnitTest name="TestMetr" storage="c:\users\danil\documents\visual studio 2010\projects\valueconverter\testconverter\bin\debug\testconverter.dll" id="8457edeb-40dd-56f6-f60d-2448aada5658">
      <Execution id="b0efe0f9-0afe-4eae-a9f7-3f861c0ff657" />
      <TestMethod codeBase="C:/Users/Danil/Documents/Visual Studio 2010/Projects/ValueConverter/TestConverter/bin/Debug/TestConverter.DLL" adapterTypeName="Microsoft.VisualStudio.TestTools.TestTypes.Unit.UnitTestAdapter, Microsoft.VisualStudio.QualityTools.Tips.UnitTest.Adapter, Version=10.0.0.0, Culture=neutral, PublicKeyToken=b03f5f7f11d50a3a" className="ValueConverter.UnitTestConverter, TestConverter, Version=1.0.0.0, Culture=neutral, PublicKeyToken=null" name="TestMetr" />
    </UnitTest>
    <UnitTest name="TestSpan" storage="c:\users\danil\documents\visual studio 2010\projects\valueconverter\testconverter\bin\debug\testconverter.dll" id="a3233e50-62cd-e96b-7f03-95f3927c9259">
      <Execution id="6f9c0ce0-4829-4c45-be29-00051b1aa6ef" />
      <TestMethod codeBase="C:/Users/Danil/Documents/Visual Studio 2010/Projects/ValueConverter/TestConverter/bin/Debug/TestConverter.DLL" adapterTypeName="Microsoft.VisualStudio.TestTools.TestTypes.Unit.UnitTestAdapter, Microsoft.VisualStudio.QualityTools.Tips.UnitTest.Adapter, Version=10.0.0.0, Culture=neutral, PublicKeyToken=b03f5f7f11d50a3a" className="ValueConverter.UnitTestConverter, TestConverter, Version=1.0.0.0, Culture=neutral, PublicKeyToken=null" name="TestSpan" />
    </UnitTest>
    <UnitTest name="TestArshin" storage="c:\users\danil\documents\visual studio 2010\projects\valueconverter\testconverter\bin\debug\testconverter.dll" id="99efed2a-9f26-cc40-ceeb-bb8a4248a2b1">
      <Execution id="bfa64f60-7465-41ad-a1cb-d7128ffe0f5c" />
      <TestMethod codeBase="C:/Users/Danil/Documents/Visual Studio 2010/Projects/ValueConverter/TestConverter/bin/Debug/TestConverter.DLL" adapterTypeName="Microsoft.VisualStudio.TestTools.TestTypes.Unit.UnitTestAdapter, Microsoft.VisualStudio.QualityTools.Tips.UnitTest.Adapter, Version=10.0.0.0, Culture=neutral, PublicKeyToken=b03f5f7f11d50a3a" className="ValueConverter.UnitTestConverter, TestConverter, Version=1.0.0.0, Culture=neutral, PublicKeyToken=null" name="TestArshin" />
    </UnitTest>
    <UnitTest name="TestSm" storage="c:\users\danil\documents\visual studio 2010\projects\valueconverter\testconverter\bin\debug\testconverter.dll" id="e8e88452-8bdf-08c0-07ae-44cb569379e0">
      <Execution id="f6a010af-1895-4456-9924-e7dbb5162e73" />
      <TestMethod codeBase="C:/Users/Danil/Documents/Visual Studio 2010/Projects/ValueConverter/TestConverter/bin/Debug/TestConverter.DLL" adapterTypeName="Microsoft.VisualStudio.TestTools.TestTypes.Unit.UnitTestAdapter, Microsoft.VisualStudio.QualityTools.Tips.UnitTest.Adapter, Version=10.0.0.0, Culture=neutral, PublicKeyToken=b03f5f7f11d50a3a" className="ValueConverter.UnitTestConverter, TestConverter, Version=1.0.0.0, Culture=neutral, PublicKeyToken=null" name="TestSm" />
    </UnitTest>
    <UnitTest name="TestDm" storage="c:\users\danil\documents\visual studio 2010\projects\valueconverter\testconverter\bin\debug\testconverter.dll" id="7f2258af-5541-2aa6-02b9-5828a9a344d3">
      <Execution id="493e593f-15f4-4433-a8b7-a90a4f993a38" />
      <TestMethod codeBase="C:/Users/Danil/Documents/Visual Studio 2010/Projects/ValueConverter/TestConverter/bin/Debug/TestConverter.DLL" adapterTypeName="Microsoft.VisualStudio.TestTools.TestTypes.Unit.UnitTestAdapter, Microsoft.VisualStudio.QualityTools.Tips.UnitTest.Adapter, Version=10.0.0.0, Culture=neutral, PublicKeyToken=b03f5f7f11d50a3a" className="ValueConverter.UnitTestConverter, TestConverter, Version=1.0.0.0, Culture=neutral, PublicKeyToken=null" name="TestDm" />
    </UnitTest>
  </TestDefinitions>
  <TestLists>
    <TestList name="Отсутствующие в списке результаты" id="8c84fa94-04c1-424b-9868-57a2d4851a1d" />
    <TestList name="Все загруженные результаты" id="19431567-8539-422a-85d7-44ee4e166bda" />
  </TestLists>
  <TestEntries>
    <TestEntry testId="8457edeb-40dd-56f6-f60d-2448aada5658" executionId="b0efe0f9-0afe-4eae-a9f7-3f861c0ff657" testListId="8c84fa94-04c1-424b-9868-57a2d4851a1d" />
    <TestEntry testId="7f2258af-5541-2aa6-02b9-5828a9a344d3" executionId="493e593f-15f4-4433-a8b7-a90a4f993a38" testListId="8c84fa94-04c1-424b-9868-57a2d4851a1d" />
    <TestEntry testId="e8e88452-8bdf-08c0-07ae-44cb569379e0" executionId="f6a010af-1895-4456-9924-e7dbb5162e73" testListId="8c84fa94-04c1-424b-9868-57a2d4851a1d" />
    <TestEntry testId="f734391d-c86b-9c79-6817-3a4a95dee844" executionId="a2f2dcd1-383c-4f65-bf6b-01242cb1f68d" testListId="8c84fa94-04c1-424b-9868-57a2d4851a1d" />
    <TestEntry testId="1454b147-96ce-7c73-3dd1-b153b1e98e64" executionId="dde84804-2a4c-4f8e-89ce-190506b13385" testListId="8c84fa94-04c1-424b-9868-57a2d4851a1d" />
    <TestEntry testId="a3233e50-62cd-e96b-7f03-95f3927c9259" executionId="6f9c0ce0-4829-4c45-be29-00051b1aa6ef" testListId="8c84fa94-04c1-424b-9868-57a2d4851a1d" />
    <TestEntry testId="99efed2a-9f26-cc40-ceeb-bb8a4248a2b1" executionId="bfa64f60-7465-41ad-a1cb-d7128ffe0f5c" testListId="8c84fa94-04c1-424b-9868-57a2d4851a1d" />
    <TestEntry testId="a1dd95cc-e384-491c-1ad4-a9f627276652" executionId="7ec3c74a-fc87-40d8-9803-3f6f2783ea6d" testListId="8c84fa94-04c1-424b-9868-57a2d4851a1d" />
  </TestEntries>
  <Results>
    <UnitTestResult executionId="b0efe0f9-0afe-4eae-a9f7-3f861c0ff657" testId="8457edeb-40dd-56f6-f60d-2448aada5658" testName="TestMetr" computerName="DANIL-PC" duration="00:00:00.0147639" startTime="2016-03-20T18:16:07.3231021+06:00" endTime="2016-03-20T18:16:07.5621157+06:00" testType="13cdc9d9-ddb5-4fa4-a97d-d965ccfc6d4b" outcome="Passed" testListId="8c84fa94-04c1-424b-9868-57a2d4851a1d" relativeResultsDirectory="b0efe0f9-0afe-4eae-a9f7-3f861c0ff657">
    </UnitTestResult>
    <UnitTestResult executionId="493e593f-15f4-4433-a8b7-a90a4f993a38" testId="7f2258af-5541-2aa6-02b9-5828a9a344d3" testName="TestDm" computerName="DANIL-PC" duration="00:00:00.0007262" startTime="2016-03-20T18:16:07.5631158+06:00" endTime="2016-03-20T18:16:07.5671160+06:00" testType="13cdc9d9-ddb5-4fa4-a97d-d965ccfc6d4b" outcome="Passed" testListId="8c84fa94-04c1-424b-9868-57a2d4851a1d" relativeResultsDirectory="493e593f-15f4-4433-a8b7-a90a4f993a38">
    </UnitTestResult>
    <UnitTestResult executionId="f6a010af-1895-4456-9924-e7dbb5162e73" testId="e8e88452-8bdf-08c0-07ae-44cb569379e0" testName="TestSm" computerName="DANIL-PC" duration="00:00:00.0007775" startTime="2016-03-20T18:16:07.5681161+06:00" endTime="2016-03-20T18:16:07.5711163+06:00" testType="13cdc9d9-ddb5-4fa4-a97d-d965ccfc6d4b" outcome="Passed" testListId="8c84fa94-04c1-424b-9868-57a2d4851a1d" relativeResultsDirectory="f6a010af-1895-4456-9924-e7dbb5162e73">
    </UnitTestResult>
    <UnitTestResult executionId="a2f2dcd1-383c-4f65-bf6b-01242cb1f68d" testId="f734391d-c86b-9c79-6817-3a4a95dee844" testName="TestMm" computerName="DANIL-PC" duration="00:00:00.0007992" startTime="2016-03-20T18:16:07.5721163+06:00" endTime="2016-03-20T18:16:07.5751165+06:00" testType="13cdc9d9-ddb5-4fa4-a97d-d965ccfc6d4b" outcome="Passed" testListId="8c84fa94-04c1-424b-9868-57a2d4851a1d" relativeResultsDirectory="a2f2dcd1-383c-4f65-bf6b-01242cb1f68d">
    </UnitTestResult>
    <UnitTestResult executionId="dde84804-2a4c-4f8e-89ce-190506b13385" testId="1454b147-96ce-7c73-3dd1-b153b1e98e64" testName="TestInch" computerName="DANIL-PC" duration="00:00:00.0007721" startTime="2016-03-20T18:16:07.5771166+06:00" endTime="2016-03-20T18:16:07.5791167+06:00" testType="13cdc9d9-ddb5-4fa4-a97d-d965ccfc6d4b" outcome="Passed" testListId="8c84fa94-04c1-424b-9868-57a2d4851a1d" relativeResultsDirectory="dde84804-2a4c-4f8e-89ce-190506b13385">
    </UnitTestResult>
    <UnitTestResult executionId="6f9c0ce0-4829-4c45-be29-00051b1aa6ef" testId="a3233e50-62cd-e96b-7f03-95f3927c9259" testName="TestSpan" computerName="DANIL-PC" duration="00:00:00.0007238" startTime="2016-03-20T18:16:07.5811168+06:00" endTime="2016-03-20T18:16:07.5841170+06:00" testType="13cdc9d9-ddb5-4fa4-a97d-d965ccfc6d4b" outcome="Passed" testListId="8c84fa94-04c1-424b-9868-57a2d4851a1d" relativeResultsDirectory="6f9c0ce0-4829-4c45-be29-00051b1aa6ef">
    </UnitTestResult>
    <UnitTestResult executionId="bfa64f60-7465-41ad-a1cb-d7128ffe0f5c" testId="99efed2a-9f26-cc40-ceeb-bb8a4248a2b1" testName="TestArshin" computerName="DANIL-PC" duration="00:00:00.0008324" startTime="2016-03-20T18:16:07.5851171+06:00" endTime="2016-03-20T18:16:07.5881172+06:00" testType="13cdc9d9-ddb5-4fa4-a97d-d965ccfc6d4b" outcome="Passed" testListId="8c84fa94-04c1-424b-9868-57a2d4851a1d" relativeResultsDirectory="bfa64f60-7465-41ad-a1cb-d7128ffe0f5c">
    </UnitTestResult>
    <UnitTestResult executionId="7ec3c74a-fc87-40d8-9803-3f6f2783ea6d" testId="a1dd95cc-e384-491c-1ad4-a9f627276652" testName="TestFathom" computerName="DANIL-PC" duration="00:00:00.0007594" startTime="2016-03-20T18:16:07.5891173+06:00" endTime="2016-03-20T18:16:07.5921175+06:00" testType="13cdc9d9-ddb5-4fa4-a97d-d965ccfc6d4b" outcome="Passed" testListId="8c84fa94-04c1-424b-9868-57a2d4851a1d" relativeResultsDirectory="7ec3c74a-fc87-40d8-9803-3f6f2783ea6d">
    </UnitTestResult>
  </Results>
</TestRun>