<?xml version="1.0" encoding="UTF-8"?>
<TestRun id="b1fb2693-5333-4386-84c3-f18c2a6b794f" name="Danil@DANIL-PC 2016-03-18 23:57:14" runUser="Danil-PC\Danil" xmlns="http://microsoft.com/schemas/VisualStudio/TeamTest/2010">
  <TestSettings name="Локальные" id="26eae600-dc97-45ab-946a-70759e27358f">
    <Description>Это - параметры по умолчанию для локального тестового запуска.</Description>
    <Deployment enabled="false" runDeploymentRoot="Danil_DANIL-PC 2016-03-18 23_57_14" />
    <Execution>
      <TestTypeSpecific />
      <AgentRule name="Execution Agents">
      </AgentRule>
    </Execution>
  </TestSettings>
  <Times creation="2016-03-18T23:57:14.5903671+06:00" queuing="2016-03-18T23:57:14.6263692+06:00" start="2016-03-18T23:57:14.6503705+06:00" finish="2016-03-18T23:57:14.9313866+06:00" />
  <ResultSummary outcome="Completed">
    <Counters total="2" executed="2" passed="2" error="0" failed="0" timeout="0" aborted="0" inconclusive="0" passedButRunAborted="0" notRunnable="0" notExecuted="0" disconnected="0" warning="0" completed="0" inProgress="0" pending="0" />
  </ResultSummary>
  <TestDefinitions>
    <UnitTest name="TestSmMetr" storage="c:\users\danil\documents\visual studio 2010\projects\valueconverter\testconverter\bin\debug\testconverter.dll" id="9ba3421a-22d3-8dd2-3b33-7ade886ef9cb">
      <Execution id="4bf1f086-fd57-4f5e-b32d-c901a7726dff" />
      <TestMethod codeBase="c:/users/danil/documents/visual studio 2010/Projects/ValueConverter/TestConverter/bin/Debug/TestConverter.DLL" adapterTypeName="Microsoft.VisualStudio.TestTools.TestTypes.Unit.UnitTestAdapter, Microsoft.VisualStudio.QualityTools.Tips.UnitTest.Adapter, Version=10.0.0.0, Culture=neutral, PublicKeyToken=b03f5f7f11d50a3a" className="ValueConverter.UnitTestConverter, TestConverter, Version=1.0.0.0, Culture=neutral, PublicKeyToken=null" name="TestSmMetr" />
    </UnitTest>
    <UnitTest name="TestMetrSm" storage="c:\users\danil\documents\visual studio 2010\projects\valueconverter\testconverter\bin\debug\testconverter.dll" id="6c2cedde-cd7e-0efc-d6fa-837282b6c32b">
      <Execution id="7444baa9-00b7-49bd-887e-2409e6362124" />
      <TestMethod codeBase="c:/users/danil/documents/visual studio 2010/Projects/ValueConverter/TestConverter/bin/Debug/TestConverter.DLL" adapterTypeName="Microsoft.VisualStudio.TestTools.TestTypes.Unit.UnitTestAdapter, Microsoft.VisualStudio.QualityTools.Tips.UnitTest.Adapter, Version=10.0.0.0, Culture=neutral, PublicKeyToken=b03f5f7f11d50a3a" className="ValueConverter.UnitTestConverter, TestConverter, Version=1.0.0.0, Culture=neutral, PublicKeyToken=null" name="TestMetrSm" />
    </UnitTest>
  </TestDefinitions>
  <TestLists>
    <TestList name="Отсутствующие в списке результаты" id="8c84fa94-04c1-424b-9868-57a2d4851a1d" />
    <TestList name="Все загруженные результаты" id="19431567-8539-422a-85d7-44ee4e166bda" />
  </TestLists>
  <TestEntries>
    <TestEntry testId="6c2cedde-cd7e-0efc-d6fa-837282b6c32b" executionId="7444baa9-00b7-49bd-887e-2409e6362124" testListId="8c84fa94-04c1-424b-9868-57a2d4851a1d" />
    <TestEntry testId="9ba3421a-22d3-8dd2-3b33-7ade886ef9cb" executionId="4bf1f086-fd57-4f5e-b32d-c901a7726dff" testListId="8c84fa94-04c1-424b-9868-57a2d4851a1d" />
  </TestEntries>
  <Results>
    <UnitTestResult executionId="7444baa9-00b7-49bd-887e-2409e6362124" testId="6c2cedde-cd7e-0efc-d6fa-837282b6c32b" testName="TestMetrSm" computerName="DANIL-PC" duration="00:00:00.0195930" startTime="2016-03-18T23:57:14.6513706+06:00" endTime="2016-03-18T23:57:14.9133856+06:00" testType="13cdc9d9-ddb5-4fa4-a97d-d965ccfc6d4b" outcome="Passed" testListId="8c84fa94-04c1-424b-9868-57a2d4851a1d" relativeResultsDirectory="7444baa9-00b7-49bd-887e-2409e6362124">
    </UnitTestResult>
    <UnitTestResult executionId="4bf1f086-fd57-4f5e-b32d-c901a7726dff" testId="9ba3421a-22d3-8dd2-3b33-7ade886ef9cb" testName="TestSmMetr" computerName="DANIL-PC" duration="00:00:00.0004461" startTime="2016-03-18T23:57:14.9153857+06:00" endTime="2016-03-18T23:57:14.9193859+06:00" testType="13cdc9d9-ddb5-4fa4-a97d-d965ccfc6d4b" outcome="Passed" testListId="8c84fa94-04c1-424b-9868-57a2d4851a1d" relativeResultsDirectory="4bf1f086-fd57-4f5e-b32d-c901a7726dff">
    </UnitTestResult>
  </Results>
</TestRun>