<?xml version="1.0" encoding="UTF-8"?>
<TestRun id="4bd67378-6d46-410e-b123-dd621e3c9d45" name="Danil@DANIL-PC 2016-03-19 10:45:13" runUser="Danil-PC\Danil" xmlns="http://microsoft.com/schemas/VisualStudio/TeamTest/2010">
  <TestSettings name="Локальные" id="26eae600-dc97-45ab-946a-70759e27358f">
    <Description>Это - параметры по умолчанию для локального тестового запуска.</Description>
    <Deployment enabled="false" runDeploymentRoot="Danil_DANIL-PC 2016-03-19 10_45_13">
      <DeploymentItem filename="C:\Users\Danil\Documents\Visual Studio 2010\Projects\ValueConverter\ValueConverter\bin\Debug\ValueConverter.exe" />
    </Deployment>
    <Execution>
      <TestTypeSpecific />
      <AgentRule name="Execution Agents">
      </AgentRule>
    </Execution>
  </TestSettings>
  <Times creation="2016-03-19T10:45:13.8166779+06:00" queuing="2016-03-19T10:45:23.2322165+06:00" start="2016-03-19T10:45:23.2952201+06:00" finish="2016-03-19T10:45:26.3823967+06:00" />
  <ResultSummary outcome="Completed">
    <Counters total="4" executed="4" passed="4" error="0" failed="0" timeout="0" aborted="0" inconclusive="0" passedButRunAborted="0" notRunnable="0" notExecuted="0" disconnected="0" warning="0" completed="0" inProgress="0" pending="0" />
  </ResultSummary>
  <TestDefinitions>
    <UnitTest name="TestSmDm" storage="c:\users\danil\documents\visual studio 2010\projects\valueconverter\testconverter\bin\debug\testconverter.dll" id="032f58ba-8aa6-4d5a-5072-3b9bf5ac4a7e">
      <Execution id="96dcf4bb-26d6-4bfd-9557-77762c7b69f8" />
      <TestMethod codeBase="C:/Users/Danil/Documents/Visual Studio 2010/Projects/ValueConverter/TestConverter/bin/Debug/TestConverter.DLL" adapterTypeName="Microsoft.VisualStudio.TestTools.TestTypes.Unit.UnitTestAdapter, Microsoft.VisualStudio.QualityTools.Tips.UnitTest.Adapter, Version=10.0.0.0, Culture=neutral, PublicKeyToken=b03f5f7f11d50a3a" className="ValueConverter.UnitTestConverter, TestConverter, Version=1.0.0.0, Culture=neutral, PublicKeyToken=null" name="TestSmDm" />
    </UnitTest>
    <UnitTest name="TestMetrDm" storage="c:\users\danil\documents\visual studio 2010\projects\valueconverter\testconverter\bin\debug\testconverter.dll" id="c0883313-e389-a91f-1210-0652148b1a2f">
      <Execution id="f4c4b936-a722-4746-aaae-374033598813" />
      <TestMethod codeBase="C:/Users/Danil/Documents/Visual Studio 2010/Projects/ValueConverter/TestConverter/bin/Debug/TestConverter.DLL" adapterTypeName="Microsoft.VisualStudio.TestTools.TestTypes.Unit.UnitTestAdapter, Microsoft.VisualStudio.QualityTools.Tips.UnitTest.Adapter, Version=10.0.0.0, Culture=neutral, PublicKeyToken=b03f5f7f11d50a3a" className="ValueConverter.UnitTestConverter, TestConverter, Version=1.0.0.0, Culture=neutral, PublicKeyToken=null" name="TestMetrDm" />
    </UnitTest>
    <UnitTest name="TestMetrSm" storage="c:\users\danil\documents\visual studio 2010\projects\valueconverter\testconverter\bin\debug\testconverter.dll" id="6c2cedde-cd7e-0efc-d6fa-837282b6c32b">
      <Execution id="9d954826-a9f4-4d51-b6f0-b04d98489401" />
      <TestMethod codeBase="C:/Users/Danil/Documents/Visual Studio 2010/Projects/ValueConverter/TestConverter/bin/Debug/TestConverter.DLL" adapterTypeName="Microsoft.VisualStudio.TestTools.TestTypes.Unit.UnitTestAdapter, Microsoft.VisualStudio.QualityTools.Tips.UnitTest.Adapter, Version=10.0.0.0, Culture=neutral, PublicKeyToken=b03f5f7f11d50a3a" className="ValueConverter.UnitTestConverter, TestConverter, Version=1.0.0.0, Culture=neutral, PublicKeyToken=null" name="TestMetrSm" />
    </UnitTest>
    <UnitTest name="TestSmMetr" storage="c:\users\danil\documents\visual studio 2010\projects\valueconverter\testconverter\bin\debug\testconverter.dll" id="9ba3421a-22d3-8dd2-3b33-7ade886ef9cb">
      <Execution id="e576ad6f-bfe7-44bd-a61b-50be6d998751" />
      <TestMethod codeBase="C:/Users/Danil/Documents/Visual Studio 2010/Projects/ValueConverter/TestConverter/bin/Debug/TestConverter.DLL" adapterTypeName="Microsoft.VisualStudio.TestTools.TestTypes.Unit.UnitTestAdapter, Microsoft.VisualStudio.QualityTools.Tips.UnitTest.Adapter, Version=10.0.0.0, Culture=neutral, PublicKeyToken=b03f5f7f11d50a3a" className="ValueConverter.UnitTestConverter, TestConverter, Version=1.0.0.0, Culture=neutral, PublicKeyToken=null" name="TestSmMetr" />
    </UnitTest>
  </TestDefinitions>
  <TestLists>
    <TestList name="Отсутствующие в списке результаты" id="8c84fa94-04c1-424b-9868-57a2d4851a1d" />
    <TestList name="Все загруженные результаты" id="19431567-8539-422a-85d7-44ee4e166bda" />
  </TestLists>
  <TestEntries>
    <TestEntry testId="6c2cedde-cd7e-0efc-d6fa-837282b6c32b" executionId="9d954826-a9f4-4d51-b6f0-b04d98489401" testListId="8c84fa94-04c1-424b-9868-57a2d4851a1d" />
    <TestEntry testId="c0883313-e389-a91f-1210-0652148b1a2f" executionId="f4c4b936-a722-4746-aaae-374033598813" testListId="8c84fa94-04c1-424b-9868-57a2d4851a1d" />
    <TestEntry testId="9ba3421a-22d3-8dd2-3b33-7ade886ef9cb" executionId="e576ad6f-bfe7-44bd-a61b-50be6d998751" testListId="8c84fa94-04c1-424b-9868-57a2d4851a1d" />
    <TestEntry testId="032f58ba-8aa6-4d5a-5072-3b9bf5ac4a7e" executionId="96dcf4bb-26d6-4bfd-9557-77762c7b69f8" testListId="8c84fa94-04c1-424b-9868-57a2d4851a1d" />
  </TestEntries>
  <Results>
    <UnitTestResult executionId="9d954826-a9f4-4d51-b6f0-b04d98489401" testId="6c2cedde-cd7e-0efc-d6fa-837282b6c32b" testName="TestMetrSm" computerName="DANIL-PC" duration="00:00:00.0453589" startTime="2016-03-19T10:45:23.3772248+06:00" endTime="2016-03-19T10:45:26.2603897+06:00" testType="13cdc9d9-ddb5-4fa4-a97d-d965ccfc6d4b" outcome="Passed" testListId="8c84fa94-04c1-424b-9868-57a2d4851a1d" relativeResultsDirectory="9d954826-a9f4-4d51-b6f0-b04d98489401">
    </UnitTestResult>
    <UnitTestResult executionId="f4c4b936-a722-4746-aaae-374033598813" testId="c0883313-e389-a91f-1210-0652148b1a2f" testName="TestMetrDm" computerName="DANIL-PC" duration="00:00:00.0003338" startTime="2016-03-19T10:45:26.2763906+06:00" endTime="2016-03-19T10:45:26.2823909+06:00" testType="13cdc9d9-ddb5-4fa4-a97d-d965ccfc6d4b" outcome="Passed" testListId="8c84fa94-04c1-424b-9868-57a2d4851a1d" relativeResultsDirectory="f4c4b936-a722-4746-aaae-374033598813">
    </UnitTestResult>
    <UnitTestResult executionId="e576ad6f-bfe7-44bd-a61b-50be6d998751" testId="9ba3421a-22d3-8dd2-3b33-7ade886ef9cb" testName="TestSmMetr" computerName="DANIL-PC" duration="00:00:00.0006127" startTime="2016-03-19T10:45:26.2883913+06:00" endTime="2016-03-19T10:45:26.2923915+06:00" testType="13cdc9d9-ddb5-4fa4-a97d-d965ccfc6d4b" outcome="Passed" testListId="8c84fa94-04c1-424b-9868-57a2d4851a1d" relativeResultsDirectory="e576ad6f-bfe7-44bd-a61b-50be6d998751">
    </UnitTestResult>
    <UnitTestResult executionId="96dcf4bb-26d6-4bfd-9557-77762c7b69f8" testId="032f58ba-8aa6-4d5a-5072-3b9bf5ac4a7e" testName="TestSmDm" computerName="DANIL-PC" duration="00:00:00.0003253" startTime="2016-03-19T10:45:26.2993919+06:00" endTime="2016-03-19T10:45:26.3033921+06:00" testType="13cdc9d9-ddb5-4fa4-a97d-d965ccfc6d4b" outcome="Passed" testListId="8c84fa94-04c1-424b-9868-57a2d4851a1d" relativeResultsDirectory="96dcf4bb-26d6-4bfd-9557-77762c7b69f8">
    </UnitTestResult>
  </Results>
</TestRun>