<?xml version="1.0" encoding="UTF-8"?>
<TestRun id="8c44472e-e66c-438d-a412-694af2157d00" name="Danil@DANIL-PC 2016-03-20 20:33:32" runUser="Danil-PC\Danil" xmlns="http://microsoft.com/schemas/VisualStudio/TeamTest/2010">
  <TestSettings name="Локальные" id="26eae600-dc97-45ab-946a-70759e27358f">
    <Description>Это - параметры по умолчанию для локального тестового запуска.</Description>
    <Deployment enabled="false" runDeploymentRoot="Danil_DANIL-PC 2016-03-20 20_33_32">
      <DeploymentItem filename="C:\Users\Danil\Documents\Visual Studio 2010\Projects\ValueConverter\ValueConverter\bin\Debug\ValueConverter.exe" />
    </Deployment>
    <Execution>
      <TestTypeSpecific />
      <AgentRule name="Execution Agents">
      </AgentRule>
    </Execution>
  </TestSettings>
  <Times creation="2016-03-20T20:33:32.2446846+06:00" queuing="2016-03-20T20:33:34.4908131+06:00" start="2016-03-20T20:33:34.5598170+06:00" finish="2016-03-20T20:33:35.2458563+06:00" />
  <ResultSummary outcome="Failed">
    <Counters total="11" executed="11" passed="10" error="0" failed="1" timeout="0" aborted="0" inconclusive="0" passedButRunAborted="0" notRunnable="0" notExecuted="0" disconnected="0" warning="0" completed="0" inProgress="0" pending="0" />
  </ResultSummary>
  <TestDefinitions>
    <UnitTest name="TestSagen" storage="c:\users\danil\documents\visual studio 2010\projects\valueconverter\testconverter\bin\debug\testconverter.dll" id="523b35ec-701f-79e2-1a9e-4ceffceeda09">
      <Execution id="08ee769b-e0db-4888-b9dd-d82f5a521551" />
      <TestMethod codeBase="C:/Users/Danil/Documents/Visual Studio 2010/Projects/ValueConverter/TestConverter/bin/Debug/TestConverter.DLL" adapterTypeName="Microsoft.VisualStudio.TestTools.TestTypes.Unit.UnitTestAdapter, Microsoft.VisualStudio.QualityTools.Tips.UnitTest.Adapter, Version=10.0.0.0, Culture=neutral, PublicKeyToken=b03f5f7f11d50a3a" className="ValueConverter.UnitTestConverter, TestConverter, Version=1.0.0.0, Culture=neutral, PublicKeyToken=null" name="TestSagen" />
    </UnitTest>
    <UnitTest name="TestInch" storage="c:\users\danil\documents\visual studio 2010\projects\valueconverter\testconverter\bin\debug\testconverter.dll" id="1454b147-96ce-7c73-3dd1-b153b1e98e64">
      <Execution id="2d40f764-5297-4fbf-9e7b-0f6ccc8d253d" />
      <TestMethod codeBase="C:/Users/Danil/Documents/Visual Studio 2010/Projects/ValueConverter/TestConverter/bin/Debug/TestConverter.DLL" adapterTypeName="Microsoft.VisualStudio.TestTools.TestTypes.Unit.UnitTestAdapter, Microsoft.VisualStudio.QualityTools.Tips.UnitTest.Adapter, Version=10.0.0.0, Culture=neutral, PublicKeyToken=b03f5f7f11d50a3a" className="ValueConverter.UnitTestConverter, TestConverter, Version=1.0.0.0, Culture=neutral, PublicKeyToken=null" name="TestInch" />
    </UnitTest>
    <UnitTest name="TestMetr" storage="c:\users\danil\documents\visual studio 2010\projects\valueconverter\testconverter\bin\debug\testconverter.dll" id="8457edeb-40dd-56f6-f60d-2448aada5658">
      <Execution id="6e306c74-6cc2-4fee-82e5-0add3acb9ca5" />
      <TestMethod codeBase="C:/Users/Danil/Documents/Visual Studio 2010/Projects/ValueConverter/TestConverter/bin/Debug/TestConverter.DLL" adapterTypeName="Microsoft.VisualStudio.TestTools.TestTypes.Unit.UnitTestAdapter, Microsoft.VisualStudio.QualityTools.Tips.UnitTest.Adapter, Version=10.0.0.0, Culture=neutral, PublicKeyToken=b03f5f7f11d50a3a" className="ValueConverter.UnitTestConverter, TestConverter, Version=1.0.0.0, Culture=neutral, PublicKeyToken=null" name="TestMetr" />
    </UnitTest>
    <UnitTest name="TestVershok" storage="c:\users\danil\documents\visual studio 2010\projects\valueconverter\testconverter\bin\debug\testconverter.dll" id="bc479235-bef6-82d9-6fa4-9235741f4682">
      <Execution id="be40215d-6500-4ecd-8c46-dbd827c49338" />
      <TestMethod codeBase="C:/Users/Danil/Documents/Visual Studio 2010/Projects/ValueConverter/TestConverter/bin/Debug/TestConverter.DLL" adapterTypeName="Microsoft.VisualStudio.TestTools.TestTypes.Unit.UnitTestAdapter, Microsoft.VisualStudio.QualityTools.Tips.UnitTest.Adapter, Version=10.0.0.0, Culture=neutral, PublicKeyToken=b03f5f7f11d50a3a" className="ValueConverter.UnitTestConverter, TestConverter, Version=1.0.0.0, Culture=neutral, PublicKeyToken=null" name="TestVershok" />
    </UnitTest>
    <UnitTest name="TestPyad" storage="c:\users\danil\documents\visual studio 2010\projects\valueconverter\testconverter\bin\debug\testconverter.dll" id="92c6c4ba-a682-1d4d-9158-241eb25caf2a">
      <Execution id="d8b95f31-1919-45b8-bd80-788a965be2fd" />
      <TestMethod codeBase="C:/Users/Danil/Documents/Visual Studio 2010/Projects/ValueConverter/TestConverter/bin/Debug/TestConverter.DLL" adapterTypeName="Microsoft.VisualStudio.TestTools.TestTypes.Unit.UnitTestAdapter, Microsoft.VisualStudio.QualityTools.Tips.UnitTest.Adapter, Version=10.0.0.0, Culture=neutral, PublicKeyToken=b03f5f7f11d50a3a" className="ValueConverter.UnitTestConverter, TestConverter, Version=1.0.0.0, Culture=neutral, PublicKeyToken=null" name="TestPyad" />
    </UnitTest>
    <UnitTest name="TestMm" storage="c:\users\danil\documents\visual studio 2010\projects\valueconverter\testconverter\bin\debug\testconverter.dll" id="f734391d-c86b-9c79-6817-3a4a95dee844">
      <Execution id="e11f3b18-6469-4762-aa49-30cce1920b5b" />
      <TestMethod codeBase="C:/Users/Danil/Documents/Visual Studio 2010/Projects/ValueConverter/TestConverter/bin/Debug/TestConverter.DLL" adapterTypeName="Microsoft.VisualStudio.TestTools.TestTypes.Unit.UnitTestAdapter, Microsoft.VisualStudio.QualityTools.Tips.UnitTest.Adapter, Version=10.0.0.0, Culture=neutral, PublicKeyToken=b03f5f7f11d50a3a" className="ValueConverter.UnitTestConverter, TestConverter, Version=1.0.0.0, Culture=neutral, PublicKeyToken=null" name="TestMm" />
    </UnitTest>
    <UnitTest name="TestFoot" storage="c:\users\danil\documents\visual studio 2010\projects\valueconverter\testconverter\bin\debug\testconverter.dll" id="dcb6f8f3-181d-485c-8c06-fb4fa4b60ec4">
      <Execution id="50b20adc-fe3a-40e0-9218-34a960a805fc" />
      <TestMethod codeBase="C:/Users/Danil/Documents/Visual Studio 2010/Projects/ValueConverter/TestConverter/bin/Debug/TestConverter.DLL" adapterTypeName="Microsoft.VisualStudio.TestTools.TestTypes.Unit.UnitTestAdapter, Microsoft.VisualStudio.QualityTools.Tips.UnitTest.Adapter, Version=10.0.0.0, Culture=neutral, PublicKeyToken=b03f5f7f11d50a3a" className="ValueConverter.UnitTestConverter, TestConverter, Version=1.0.0.0, Culture=neutral, PublicKeyToken=null" name="TestFoot" />
    </UnitTest>
    <UnitTest name="TestArshin" storage="c:\users\danil\documents\visual studio 2010\projects\valueconverter\testconverter\bin\debug\testconverter.dll" id="99efed2a-9f26-cc40-ceeb-bb8a4248a2b1">
      <Execution id="08a74a0f-73a2-47f2-9f9a-b02437f90c4d" />
      <TestMethod codeBase="C:/Users/Danil/Documents/Visual Studio 2010/Projects/ValueConverter/TestConverter/bin/Debug/TestConverter.DLL" adapterTypeName="Microsoft.VisualStudio.TestTools.TestTypes.Unit.UnitTestAdapter, Microsoft.VisualStudio.QualityTools.Tips.UnitTest.Adapter, Version=10.0.0.0, Culture=neutral, PublicKeyToken=b03f5f7f11d50a3a" className="ValueConverter.UnitTestConverter, TestConverter, Version=1.0.0.0, Culture=neutral, PublicKeyToken=null" name="TestArshin" />
    </UnitTest>
    <UnitTest name="TestYard" storage="c:\users\danil\documents\visual studio 2010\projects\valueconverter\testconverter\bin\debug\testconverter.dll" id="253647f4-6e35-4643-ba70-60a8bf6f7977">
      <Execution id="e401e1a4-9ff6-4b30-9b52-df514e0890fd" />
      <TestMethod codeBase="C:/Users/Danil/Documents/Visual Studio 2010/Projects/ValueConverter/TestConverter/bin/Debug/TestConverter.DLL" adapterTypeName="Microsoft.VisualStudio.TestTools.TestTypes.Unit.UnitTestAdapter, Microsoft.VisualStudio.QualityTools.Tips.UnitTest.Adapter, Version=10.0.0.0, Culture=neutral, PublicKeyToken=b03f5f7f11d50a3a" className="ValueConverter.UnitTestConverter, TestConverter, Version=1.0.0.0, Culture=neutral, PublicKeyToken=null" name="TestYard" />
    </UnitTest>
    <UnitTest name="TestSm" storage="c:\users\danil\documents\visual studio 2010\projects\valueconverter\testconverter\bin\debug\testconverter.dll" id="e8e88452-8bdf-08c0-07ae-44cb569379e0">
      <Execution id="93bec7a4-8417-4621-b8a3-75e07985af68" />
      <TestMethod codeBase="C:/Users/Danil/Documents/Visual Studio 2010/Projects/ValueConverter/TestConverter/bin/Debug/TestConverter.DLL" adapterTypeName="Microsoft.VisualStudio.TestTools.TestTypes.Unit.UnitTestAdapter, Microsoft.VisualStudio.QualityTools.Tips.UnitTest.Adapter, Version=10.0.0.0, Culture=neutral, PublicKeyToken=b03f5f7f11d50a3a" className="ValueConverter.UnitTestConverter, TestConverter, Version=1.0.0.0, Culture=neutral, PublicKeyToken=null" name="TestSm" />
    </UnitTest>
    <UnitTest name="TestDm" storage="c:\users\danil\documents\visual studio 2010\projects\valueconverter\testconverter\bin\debug\testconverter.dll" id="7f2258af-5541-2aa6-02b9-5828a9a344d3">
      <Execution id="eec406d6-9a9e-4855-ac38-53fcbbc232df" />
      <TestMethod codeBase="C:/Users/Danil/Documents/Visual Studio 2010/Projects/ValueConverter/TestConverter/bin/Debug/TestConverter.DLL" adapterTypeName="Microsoft.VisualStudio.TestTools.TestTypes.Unit.UnitTestAdapter, Microsoft.VisualStudio.QualityTools.Tips.UnitTest.Adapter, Version=10.0.0.0, Culture=neutral, PublicKeyToken=b03f5f7f11d50a3a" className="ValueConverter.UnitTestConverter, TestConverter, Version=1.0.0.0, Culture=neutral, PublicKeyToken=null" name="TestDm" />
    </UnitTest>
  </TestDefinitions>
  <TestLists>
    <TestList name="Отсутствующие в списке результаты" id="8c84fa94-04c1-424b-9868-57a2d4851a1d" />
    <TestList name="Все загруженные результаты" id="19431567-8539-422a-85d7-44ee4e166bda" />
  </TestLists>
  <TestEntries>
    <TestEntry testId="8457edeb-40dd-56f6-f60d-2448aada5658" executionId="6e306c74-6cc2-4fee-82e5-0add3acb9ca5" testListId="8c84fa94-04c1-424b-9868-57a2d4851a1d" />
    <TestEntry testId="7f2258af-5541-2aa6-02b9-5828a9a344d3" executionId="eec406d6-9a9e-4855-ac38-53fcbbc232df" testListId="8c84fa94-04c1-424b-9868-57a2d4851a1d" />
    <TestEntry testId="e8e88452-8bdf-08c0-07ae-44cb569379e0" executionId="93bec7a4-8417-4621-b8a3-75e07985af68" testListId="8c84fa94-04c1-424b-9868-57a2d4851a1d" />
    <TestEntry testId="f734391d-c86b-9c79-6817-3a4a95dee844" executionId="e11f3b18-6469-4762-aa49-30cce1920b5b" testListId="8c84fa94-04c1-424b-9868-57a2d4851a1d" />
    <TestEntry testId="bc479235-bef6-82d9-6fa4-9235741f4682" executionId="be40215d-6500-4ecd-8c46-dbd827c49338" testListId="8c84fa94-04c1-424b-9868-57a2d4851a1d" />
    <TestEntry testId="92c6c4ba-a682-1d4d-9158-241eb25caf2a" executionId="d8b95f31-1919-45b8-bd80-788a965be2fd" testListId="8c84fa94-04c1-424b-9868-57a2d4851a1d" />
    <TestEntry testId="99efed2a-9f26-cc40-ceeb-bb8a4248a2b1" executionId="08a74a0f-73a2-47f2-9f9a-b02437f90c4d" testListId="8c84fa94-04c1-424b-9868-57a2d4851a1d" />
    <TestEntry testId="523b35ec-701f-79e2-1a9e-4ceffceeda09" executionId="08ee769b-e0db-4888-b9dd-d82f5a521551" testListId="8c84fa94-04c1-424b-9868-57a2d4851a1d" />
    <TestEntry testId="1454b147-96ce-7c73-3dd1-b153b1e98e64" executionId="2d40f764-5297-4fbf-9e7b-0f6ccc8d253d" testListId="8c84fa94-04c1-424b-9868-57a2d4851a1d" />
    <TestEntry testId="dcb6f8f3-181d-485c-8c06-fb4fa4b60ec4" executionId="50b20adc-fe3a-40e0-9218-34a960a805fc" testListId="8c84fa94-04c1-424b-9868-57a2d4851a1d" />
    <TestEntry testId="253647f4-6e35-4643-ba70-60a8bf6f7977" executionId="e401e1a4-9ff6-4b30-9b52-df514e0890fd" testListId="8c84fa94-04c1-424b-9868-57a2d4851a1d" />
  </TestEntries>
  <Results>
    <UnitTestResult executionId="6e306c74-6cc2-4fee-82e5-0add3acb9ca5" testId="8457edeb-40dd-56f6-f60d-2448aada5658" testName="TestMetr" computerName="DANIL-PC" duration="00:00:00.0219280" startTime="2016-03-20T20:33:34.6248207+06:00" endTime="2016-03-20T20:33:34.9758408+06:00" testType="13cdc9d9-ddb5-4fa4-a97d-d965ccfc6d4b" outcome="Passed" testListId="8c84fa94-04c1-424b-9868-57a2d4851a1d" relativeResultsDirectory="6e306c74-6cc2-4fee-82e5-0add3acb9ca5">
    </UnitTestResult>
    <UnitTestResult executionId="eec406d6-9a9e-4855-ac38-53fcbbc232df" testId="7f2258af-5541-2aa6-02b9-5828a9a344d3" testName="TestDm" computerName="DANIL-PC" duration="00:00:00.0015502" startTime="2016-03-20T20:33:34.9768409+06:00" endTime="2016-03-20T20:33:34.9818412+06:00" testType="13cdc9d9-ddb5-4fa4-a97d-d965ccfc6d4b" outcome="Passed" testListId="8c84fa94-04c1-424b-9868-57a2d4851a1d" relativeResultsDirectory="eec406d6-9a9e-4855-ac38-53fcbbc232df">
    </UnitTestResult>
    <UnitTestResult executionId="93bec7a4-8417-4621-b8a3-75e07985af68" testId="e8e88452-8bdf-08c0-07ae-44cb569379e0" testName="TestSm" computerName="DANIL-PC" duration="00:00:00.0008095" startTime="2016-03-20T20:33:34.9828412+06:00" endTime="2016-03-20T20:33:34.9878415+06:00" testType="13cdc9d9-ddb5-4fa4-a97d-d965ccfc6d4b" outcome="Passed" testListId="8c84fa94-04c1-424b-9868-57a2d4851a1d" relativeResultsDirectory="93bec7a4-8417-4621-b8a3-75e07985af68">
    </UnitTestResult>
    <UnitTestResult executionId="e11f3b18-6469-4762-aa49-30cce1920b5b" testId="f734391d-c86b-9c79-6817-3a4a95dee844" testName="TestMm" computerName="DANIL-PC" duration="00:00:00.0008029" startTime="2016-03-20T20:33:34.9888416+06:00" endTime="2016-03-20T20:33:34.9928418+06:00" testType="13cdc9d9-ddb5-4fa4-a97d-d965ccfc6d4b" outcome="Passed" testListId="8c84fa94-04c1-424b-9868-57a2d4851a1d" relativeResultsDirectory="e11f3b18-6469-4762-aa49-30cce1920b5b">
    </UnitTestResult>
    <UnitTestResult executionId="be40215d-6500-4ecd-8c46-dbd827c49338" testId="bc479235-bef6-82d9-6fa4-9235741f4682" testName="TestVershok" computerName="DANIL-PC" duration="00:00:00.0007817" startTime="2016-03-20T20:33:34.9938419+06:00" endTime="2016-03-20T20:33:34.9968420+06:00" testType="13cdc9d9-ddb5-4fa4-a97d-d965ccfc6d4b" outcome="Passed" testListId="8c84fa94-04c1-424b-9868-57a2d4851a1d" relativeResultsDirectory="be40215d-6500-4ecd-8c46-dbd827c49338">
    </UnitTestResult>
    <UnitTestResult executionId="d8b95f31-1919-45b8-bd80-788a965be2fd" testId="92c6c4ba-a682-1d4d-9158-241eb25caf2a" testName="TestPyad" computerName="DANIL-PC" duration="00:00:00.0013462" startTime="2016-03-20T20:33:34.9978421+06:00" endTime="2016-03-20T20:33:35.0018423+06:00" testType="13cdc9d9-ddb5-4fa4-a97d-d965ccfc6d4b" outcome="Passed" testListId="8c84fa94-04c1-424b-9868-57a2d4851a1d" relativeResultsDirectory="d8b95f31-1919-45b8-bd80-788a965be2fd">
    </UnitTestResult>
    <UnitTestResult executionId="08a74a0f-73a2-47f2-9f9a-b02437f90c4d" testId="99efed2a-9f26-cc40-ceeb-bb8a4248a2b1" testName="TestArshin" computerName="DANIL-PC" duration="00:00:00.0009158" startTime="2016-03-20T20:33:35.0028424+06:00" endTime="2016-03-20T20:33:35.0108428+06:00" testType="13cdc9d9-ddb5-4fa4-a97d-d965ccfc6d4b" outcome="Passed" testListId="8c84fa94-04c1-424b-9868-57a2d4851a1d" relativeResultsDirectory="08a74a0f-73a2-47f2-9f9a-b02437f90c4d">
    </UnitTestResult>
    <UnitTestResult executionId="08ee769b-e0db-4888-b9dd-d82f5a521551" testId="523b35ec-701f-79e2-1a9e-4ceffceeda09" testName="TestSagen" computerName="DANIL-PC" duration="00:00:00.0010045" startTime="2016-03-20T20:33:35.0118429+06:00" endTime="2016-03-20T20:33:35.0168432+06:00" testType="13cdc9d9-ddb5-4fa4-a97d-d965ccfc6d4b" outcome="Passed" testListId="8c84fa94-04c1-424b-9868-57a2d4851a1d" relativeResultsDirectory="08ee769b-e0db-4888-b9dd-d82f5a521551">
    </UnitTestResult>
    <UnitTestResult executionId="2d40f764-5297-4fbf-9e7b-0f6ccc8d253d" testId="1454b147-96ce-7c73-3dd1-b153b1e98e64" testName="TestInch" computerName="DANIL-PC" duration="00:00:00.0010800" startTime="2016-03-20T20:33:35.0178432+06:00" endTime="2016-03-20T20:33:35.0218435+06:00" testType="13cdc9d9-ddb5-4fa4-a97d-d965ccfc6d4b" outcome="Passed" testListId="8c84fa94-04c1-424b-9868-57a2d4851a1d" relativeResultsDirectory="2d40f764-5297-4fbf-9e7b-0f6ccc8d253d">
    </UnitTestResult>
    <UnitTestResult executionId="50b20adc-fe3a-40e0-9218-34a960a805fc" testId="dcb6f8f3-181d-485c-8c06-fb4fa4b60ec4" testName="TestFoot" computerName="DANIL-PC" duration="00:00:00.0014235" startTime="2016-03-20T20:33:35.0228435+06:00" endTime="2016-03-20T20:33:35.0278438+06:00" testType="13cdc9d9-ddb5-4fa4-a97d-d965ccfc6d4b" outcome="Passed" testListId="8c84fa94-04c1-424b-9868-57a2d4851a1d" relativeResultsDirectory="50b20adc-fe3a-40e0-9218-34a960a805fc">
    </UnitTestResult>
    <UnitTestResult executionId="e401e1a4-9ff6-4b30-9b52-df514e0890fd" testId="253647f4-6e35-4643-ba70-60a8bf6f7977" testName="TestYard" computerName="DANIL-PC" duration="00:00:00.1420586" startTime="2016-03-20T20:33:35.0298439+06:00" endTime="2016-03-20T20:33:35.1748522+06:00" testType="13cdc9d9-ddb5-4fa4-a97d-d965ccfc6d4b" outcome="Failed" testListId="8c84fa94-04c1-424b-9868-57a2d4851a1d" relativeResultsDirectory="e401e1a4-9ff6-4b30-9b52-df514e0890fd">
      <Output>
        <ErrorInfo>
          <Message>Ошибка в Assert.AreEqual. Между ожидаемым значением &lt;64,008&gt; и фактическим значением &lt;64,01&gt; требуется разница не более чем &lt;0,001&gt;. Ошибка конвертации</Message>
          <StackTrace>   в ValueConverter.UnitTestConverter.TestYard() в C:\Users\Danil\Documents\Visual Studio 2010\Projects\ValueConverter\TestConverter\UnitTestConverter.cs:строка 250
</StackTrace>
        </ErrorInfo>
      </Output>
    </UnitTestResult>
  </Results>
</TestRun>