<?xml version="1.0" encoding="UTF-8"?>
<TestRun id="1eb5febc-60e6-496b-8e23-ffe8d52a9d59" name="Danil@DANIL-PC 2016-03-19 12:19:19" runUser="Danil-PC\Danil" xmlns="http://microsoft.com/schemas/VisualStudio/TeamTest/2010">
  <TestSettings name="Локальные" id="26eae600-dc97-45ab-946a-70759e27358f">
    <Description>Это - параметры по умолчанию для локального тестового запуска.</Description>
    <Deployment enabled="false" runDeploymentRoot="Danil_DANIL-PC 2016-03-19 12_19_19">
      <DeploymentItem filename="C:\Users\Danil\Documents\Visual Studio 2010\Projects\ValueConverter\ValueConverter\bin\Debug\ValueConverter.exe" />
    </Deployment>
    <Execution>
      <TestTypeSpecific />
      <AgentRule name="Execution Agents">
      </AgentRule>
    </Execution>
  </TestSettings>
  <Times creation="2016-03-19T12:19:19.7616075+06:00" queuing="2016-03-19T12:19:19.7986096+06:00" start="2016-03-19T12:19:19.8046100+06:00" finish="2016-03-19T12:19:20.1226282+06:00" />
  <ResultSummary outcome="Completed">
    <Counters total="6" executed="6" passed="6" error="0" failed="0" timeout="0" aborted="0" inconclusive="0" passedButRunAborted="0" notRunnable="0" notExecuted="0" disconnected="0" warning="0" completed="0" inProgress="0" pending="0" />
  </ResultSummary>
  <TestDefinitions>
    <UnitTest name="TestInch" storage="c:\users\danil\documents\visual studio 2010\projects\valueconverter\testconverter\bin\debug\testconverter.dll" id="1454b147-96ce-7c73-3dd1-b153b1e98e64">
      <Execution id="ac978443-fe94-41b1-b337-47ae6a6f8b18" />
      <TestMethod codeBase="C:/Users/Danil/Documents/Visual Studio 2010/Projects/ValueConverter/TestConverter/bin/Debug/TestConverter.DLL" adapterTypeName="Microsoft.VisualStudio.TestTools.TestTypes.Unit.UnitTestAdapter, Microsoft.VisualStudio.QualityTools.Tips.UnitTest.Adapter, Version=10.0.0.0, Culture=neutral, PublicKeyToken=b03f5f7f11d50a3a" className="ValueConverter.UnitTestConverter, TestConverter, Version=1.0.0.0, Culture=neutral, PublicKeyToken=null" name="TestInch" />
    </UnitTest>
    <UnitTest name="TestMm" storage="c:\users\danil\documents\visual studio 2010\projects\valueconverter\testconverter\bin\debug\testconverter.dll" id="f734391d-c86b-9c79-6817-3a4a95dee844">
      <Execution id="891ac6b8-fb15-4e63-90b7-5e7cef14a2fd" />
      <TestMethod codeBase="C:/Users/Danil/Documents/Visual Studio 2010/Projects/ValueConverter/TestConverter/bin/Debug/TestConverter.DLL" adapterTypeName="Microsoft.VisualStudio.TestTools.TestTypes.Unit.UnitTestAdapter, Microsoft.VisualStudio.QualityTools.Tips.UnitTest.Adapter, Version=10.0.0.0, Culture=neutral, PublicKeyToken=b03f5f7f11d50a3a" className="ValueConverter.UnitTestConverter, TestConverter, Version=1.0.0.0, Culture=neutral, PublicKeyToken=null" name="TestMm" />
    </UnitTest>
    <UnitTest name="TestMetr" storage="c:\users\danil\documents\visual studio 2010\projects\valueconverter\testconverter\bin\debug\testconverter.dll" id="8457edeb-40dd-56f6-f60d-2448aada5658">
      <Execution id="cf49282c-fb4b-4804-b794-4cdfafc71b4e" />
      <TestMethod codeBase="C:/Users/Danil/Documents/Visual Studio 2010/Projects/ValueConverter/TestConverter/bin/Debug/TestConverter.DLL" adapterTypeName="Microsoft.VisualStudio.TestTools.TestTypes.Unit.UnitTestAdapter, Microsoft.VisualStudio.QualityTools.Tips.UnitTest.Adapter, Version=10.0.0.0, Culture=neutral, PublicKeyToken=b03f5f7f11d50a3a" className="ValueConverter.UnitTestConverter, TestConverter, Version=1.0.0.0, Culture=neutral, PublicKeyToken=null" name="TestMetr" />
    </UnitTest>
    <UnitTest name="TestSpan" storage="c:\users\danil\documents\visual studio 2010\projects\valueconverter\testconverter\bin\debug\testconverter.dll" id="a3233e50-62cd-e96b-7f03-95f3927c9259">
      <Execution id="97e9c233-8941-4aa3-b1fe-fd7383285c69" />
      <TestMethod codeBase="C:/Users/Danil/Documents/Visual Studio 2010/Projects/ValueConverter/TestConverter/bin/Debug/TestConverter.DLL" adapterTypeName="Microsoft.VisualStudio.TestTools.TestTypes.Unit.UnitTestAdapter, Microsoft.VisualStudio.QualityTools.Tips.UnitTest.Adapter, Version=10.0.0.0, Culture=neutral, PublicKeyToken=b03f5f7f11d50a3a" className="ValueConverter.UnitTestConverter, TestConverter, Version=1.0.0.0, Culture=neutral, PublicKeyToken=null" name="TestSpan" />
    </UnitTest>
    <UnitTest name="TestSm" storage="c:\users\danil\documents\visual studio 2010\projects\valueconverter\testconverter\bin\debug\testconverter.dll" id="e8e88452-8bdf-08c0-07ae-44cb569379e0">
      <Execution id="8f3205bf-4214-4b5b-85ea-717e55b0b079" />
      <TestMethod codeBase="C:/Users/Danil/Documents/Visual Studio 2010/Projects/ValueConverter/TestConverter/bin/Debug/TestConverter.DLL" adapterTypeName="Microsoft.VisualStudio.TestTools.TestTypes.Unit.UnitTestAdapter, Microsoft.VisualStudio.QualityTools.Tips.UnitTest.Adapter, Version=10.0.0.0, Culture=neutral, PublicKeyToken=b03f5f7f11d50a3a" className="ValueConverter.UnitTestConverter, TestConverter, Version=1.0.0.0, Culture=neutral, PublicKeyToken=null" name="TestSm" />
    </UnitTest>
    <UnitTest name="TestDm" storage="c:\users\danil\documents\visual studio 2010\projects\valueconverter\testconverter\bin\debug\testconverter.dll" id="7f2258af-5541-2aa6-02b9-5828a9a344d3">
      <Execution id="eb58bff7-abb1-4190-843d-865cf66ae4ca" />
      <TestMethod codeBase="C:/Users/Danil/Documents/Visual Studio 2010/Projects/ValueConverter/TestConverter/bin/Debug/TestConverter.DLL" adapterTypeName="Microsoft.VisualStudio.TestTools.TestTypes.Unit.UnitTestAdapter, Microsoft.VisualStudio.QualityTools.Tips.UnitTest.Adapter, Version=10.0.0.0, Culture=neutral, PublicKeyToken=b03f5f7f11d50a3a" className="ValueConverter.UnitTestConverter, TestConverter, Version=1.0.0.0, Culture=neutral, PublicKeyToken=null" name="TestDm" />
    </UnitTest>
  </TestDefinitions>
  <TestLists>
    <TestList name="Отсутствующие в списке результаты" id="8c84fa94-04c1-424b-9868-57a2d4851a1d" />
    <TestList name="Все загруженные результаты" id="19431567-8539-422a-85d7-44ee4e166bda" />
  </TestLists>
  <TestEntries>
    <TestEntry testId="8457edeb-40dd-56f6-f60d-2448aada5658" executionId="cf49282c-fb4b-4804-b794-4cdfafc71b4e" testListId="8c84fa94-04c1-424b-9868-57a2d4851a1d" />
    <TestEntry testId="7f2258af-5541-2aa6-02b9-5828a9a344d3" executionId="eb58bff7-abb1-4190-843d-865cf66ae4ca" testListId="8c84fa94-04c1-424b-9868-57a2d4851a1d" />
    <TestEntry testId="e8e88452-8bdf-08c0-07ae-44cb569379e0" executionId="8f3205bf-4214-4b5b-85ea-717e55b0b079" testListId="8c84fa94-04c1-424b-9868-57a2d4851a1d" />
    <TestEntry testId="f734391d-c86b-9c79-6817-3a4a95dee844" executionId="891ac6b8-fb15-4e63-90b7-5e7cef14a2fd" testListId="8c84fa94-04c1-424b-9868-57a2d4851a1d" />
    <TestEntry testId="1454b147-96ce-7c73-3dd1-b153b1e98e64" executionId="ac978443-fe94-41b1-b337-47ae6a6f8b18" testListId="8c84fa94-04c1-424b-9868-57a2d4851a1d" />
    <TestEntry testId="a3233e50-62cd-e96b-7f03-95f3927c9259" executionId="97e9c233-8941-4aa3-b1fe-fd7383285c69" testListId="8c84fa94-04c1-424b-9868-57a2d4851a1d" />
  </TestEntries>
  <Results>
    <UnitTestResult executionId="cf49282c-fb4b-4804-b794-4cdfafc71b4e" testId="8457edeb-40dd-56f6-f60d-2448aada5658" testName="TestMetr" computerName="DANIL-PC" duration="00:00:00.0183916" startTime="2016-03-19T12:19:19.8066101+06:00" endTime="2016-03-19T12:19:20.0716252+06:00" testType="13cdc9d9-ddb5-4fa4-a97d-d965ccfc6d4b" outcome="Passed" testListId="8c84fa94-04c1-424b-9868-57a2d4851a1d" relativeResultsDirectory="cf49282c-fb4b-4804-b794-4cdfafc71b4e">
    </UnitTestResult>
    <UnitTestResult executionId="eb58bff7-abb1-4190-843d-865cf66ae4ca" testId="7f2258af-5541-2aa6-02b9-5828a9a344d3" testName="TestDm" computerName="DANIL-PC" duration="00:00:00.0006519" startTime="2016-03-19T12:19:20.0726253+06:00" endTime="2016-03-19T12:19:20.0766255+06:00" testType="13cdc9d9-ddb5-4fa4-a97d-d965ccfc6d4b" outcome="Passed" testListId="8c84fa94-04c1-424b-9868-57a2d4851a1d" relativeResultsDirectory="eb58bff7-abb1-4190-843d-865cf66ae4ca">
    </UnitTestResult>
    <UnitTestResult executionId="8f3205bf-4214-4b5b-85ea-717e55b0b079" testId="e8e88452-8bdf-08c0-07ae-44cb569379e0" testName="TestSm" computerName="DANIL-PC" duration="00:00:00.0008807" startTime="2016-03-19T12:19:20.0786257+06:00" endTime="2016-03-19T12:19:20.0836259+06:00" testType="13cdc9d9-ddb5-4fa4-a97d-d965ccfc6d4b" outcome="Passed" testListId="8c84fa94-04c1-424b-9868-57a2d4851a1d" relativeResultsDirectory="8f3205bf-4214-4b5b-85ea-717e55b0b079">
    </UnitTestResult>
    <UnitTestResult executionId="891ac6b8-fb15-4e63-90b7-5e7cef14a2fd" testId="f734391d-c86b-9c79-6817-3a4a95dee844" testName="TestMm" computerName="DANIL-PC" duration="00:00:00.0005892" startTime="2016-03-19T12:19:20.0886262+06:00" endTime="2016-03-19T12:19:20.0986268+06:00" testType="13cdc9d9-ddb5-4fa4-a97d-d965ccfc6d4b" outcome="Passed" testListId="8c84fa94-04c1-424b-9868-57a2d4851a1d" relativeResultsDirectory="891ac6b8-fb15-4e63-90b7-5e7cef14a2fd">
    </UnitTestResult>
    <UnitTestResult executionId="ac978443-fe94-41b1-b337-47ae6a6f8b18" testId="1454b147-96ce-7c73-3dd1-b153b1e98e64" testName="TestInch" computerName="DANIL-PC" duration="00:00:00.0006356" startTime="2016-03-19T12:19:20.0996269+06:00" endTime="2016-03-19T12:19:20.1036271+06:00" testType="13cdc9d9-ddb5-4fa4-a97d-d965ccfc6d4b" outcome="Passed" testListId="8c84fa94-04c1-424b-9868-57a2d4851a1d" relativeResultsDirectory="ac978443-fe94-41b1-b337-47ae6a6f8b18">
    </UnitTestResult>
    <UnitTestResult executionId="97e9c233-8941-4aa3-b1fe-fd7383285c69" testId="a3233e50-62cd-e96b-7f03-95f3927c9259" testName="TestSpan" computerName="DANIL-PC" duration="00:00:00.0007045" startTime="2016-03-19T12:19:20.1046271+06:00" endTime="2016-03-19T12:19:20.1086274+06:00" testType="13cdc9d9-ddb5-4fa4-a97d-d965ccfc6d4b" outcome="Passed" testListId="8c84fa94-04c1-424b-9868-57a2d4851a1d" relativeResultsDirectory="97e9c233-8941-4aa3-b1fe-fd7383285c69">
    </UnitTestResult>
  </Results>
</TestRun>